2018-05-05 09:36:28 [127.0.0.1][-][-][error][yii\base\ErrorException:8] yii\base\ErrorException: A non well formed numeric value encountered in C:\code_edd\201804\yiicms\vendor\yiisoft\yii2\log\Target.php:369
Stack trace:
#0 [internal function]: yii\base\ErrorHandler->handleError(8, 'A non well form...', 'C:\\code_edd\\201...', 369, Array)
#1 C:\code_edd\201804\yiicms\vendor\yiisoft\yii2\log\Target.php(369): date('Y-m-d H:i:s', '2018-05-05 09:3...')
#2 C:\code_edd\201804\yiicms\vendor\yiisoft\yii2\log\Target.php(284): yii\log\Target->getTime('2018-05-05 09:3...')
#3 [internal function]: yii\log\Target->formatMessage(Array)
#4 C:\code_edd\201804\yiicms\vendor\yiisoft\yii2\log\FileTarget.php(107): array_map(Array, Array)
#5 C:\code_edd\201804\yiicms\backend\service\core\MenuService.php(23): yii\log\FileTarget->export()
#6 C:\code_edd\201804\yiicms\backend\controllers\core\MenuController.php(31): backend\service\core\MenuService::lists(Array)
#7 [internal function]: backend\controllers\core\MenuController->actionIndex()
#8 C:\code_edd\201804\yiicms\vendor\yiisoft\yii2\base\InlineAction.php(57): call_user_func_array(Array, Array)
#9 C:\code_edd\201804\yiicms\vendor\yiisoft\yii2\base\Controller.php(157): yii\base\InlineAction->runWithParams(Array)
#10 C:\code_edd\201804\yiicms\vendor\yiisoft\yii2\base\Module.php(528): yii\base\Controller->runAction('index', Array)
#11 C:\code_edd\201804\yiicms\vendor\yiisoft\yii2\web\Application.php(103): yii\base\Module->runAction('core/menu/index', Array)
#12 C:\code_edd\201804\yiicms\vendor\yiisoft\yii2\base\Application.php(386): yii\web\Application->handleRequest(Object(yii\web\Request))
#13 C:\code_edd\201804\yiicms\backend\web\index.php(18): yii\base\Application->run()
#14 {main}
2018-05-05 09:36:27 [127.0.0.1][-][-][info][application] $_GET = [
    'r' => 'core/menu/index'
]

$_POST = []

$_FILES = []

$_COOKIE = [
    'UID' => '0904ec96723afddf6e41aad1079a7588b7b36512bc5dc79d763d3eea7e148f16a:2:{i:0;s:3:\"UID\";i:1;s:5:\"IPWch\";}'
]
2018-05-05 09:37:09 [127.0.0.1][-][-][error][yii\base\ErrorException:8] yii\base\ErrorException: Undefined offset: 1 in C:\code_edd\201804\yiicms\vendor\yiisoft\yii2\log\Target.php:266
Stack trace:
#0 C:\code_edd\201804\yiicms\vendor\yiisoft\yii2\log\Target.php(266): yii\base\ErrorHandler->handleError(8, 'Undefined offse...', 'C:\\code_edd\\201...', 266, Array)
#1 [internal function]: yii\log\Target->formatMessage(Array)
#2 C:\code_edd\201804\yiicms\vendor\yiisoft\yii2\log\FileTarget.php(107): array_map(Array, Array)
#3 C:\code_edd\201804\yiicms\backend\service\core\MenuService.php(23): yii\log\FileTarget->export()
#4 C:\code_edd\201804\yiicms\backend\controllers\core\MenuController.php(31): backend\service\core\MenuService::lists(Array)
#5 [internal function]: backend\controllers\core\MenuController->actionIndex()
#6 C:\code_edd\201804\yiicms\vendor\yiisoft\yii2\base\InlineAction.php(57): call_user_func_array(Array, Array)
#7 C:\code_edd\201804\yiicms\vendor\yiisoft\yii2\base\Controller.php(157): yii\base\InlineAction->runWithParams(Array)
#8 C:\code_edd\201804\yiicms\vendor\yiisoft\yii2\base\Module.php(528): yii\base\Controller->runAction('index', Array)
#9 C:\code_edd\201804\yiicms\vendor\yiisoft\yii2\web\Application.php(103): yii\base\Module->runAction('core/menu/index', Array)
#10 C:\code_edd\201804\yiicms\vendor\yiisoft\yii2\base\Application.php(386): yii\web\Application->handleRequest(Object(yii\web\Request))
#11 C:\code_edd\201804\yiicms\backend\web\index.php(18): yii\base\Application->run()
#12 {main}
2018-05-05 09:37:08 [127.0.0.1][-][-][info][application] $_GET = [
    'r' => 'core/menu/index'
]

$_POST = []

$_FILES = []

$_COOKIE = [
    'UID' => '19c60ae1b6e534455e4ee7034d3e47498245b7a6c5efe58280fd9cb2058b4630a:2:{i:0;s:3:\"UID\";i:1;s:5:\"8eiUS\";}'
]
2018-05-05 09:37:47 [127.0.0.1][-][-][error][yii\base\ErrorException:8] yii\base\ErrorException: Undefined offset: 1 in C:\code_edd\201804\yiicms\vendor\yiisoft\yii2\log\Target.php:266
Stack trace:
#0 C:\code_edd\201804\yiicms\vendor\yiisoft\yii2\log\Target.php(266): yii\base\ErrorHandler->handleError(8, 'Undefined offse...', 'C:\\code_edd\\201...', 266, Array)
#1 [internal function]: yii\log\Target->formatMessage(Array)
#2 C:\code_edd\201804\yiicms\vendor\yiisoft\yii2\log\FileTarget.php(107): array_map(Array, Array)
#3 C:\code_edd\201804\yiicms\backend\service\core\MenuService.php(23): yii\log\FileTarget->export()
#4 C:\code_edd\201804\yiicms\backend\controllers\core\MenuController.php(31): backend\service\core\MenuService::lists(Array)
#5 [internal function]: backend\controllers\core\MenuController->actionIndex()
#6 C:\code_edd\201804\yiicms\vendor\yiisoft\yii2\base\InlineAction.php(57): call_user_func_array(Array, Array)
#7 C:\code_edd\201804\yiicms\vendor\yiisoft\yii2\base\Controller.php(157): yii\base\InlineAction->runWithParams(Array)
#8 C:\code_edd\201804\yiicms\vendor\yiisoft\yii2\base\Module.php(528): yii\base\Controller->runAction('index', Array)
#9 C:\code_edd\201804\yiicms\vendor\yiisoft\yii2\web\Application.php(103): yii\base\Module->runAction('core/menu/index', Array)
#10 C:\code_edd\201804\yiicms\vendor\yiisoft\yii2\base\Application.php(386): yii\web\Application->handleRequest(Object(yii\web\Request))
#11 C:\code_edd\201804\yiicms\backend\web\index.php(18): yii\base\Application->run()
#12 {main}
2018-05-05 09:37:46 [127.0.0.1][-][-][info][application] $_GET = [
    'r' => 'core/menu/index'
]

$_POST = []

$_FILES = []

$_COOKIE = [
    'UID' => 'fcd66c171f5ce3f77f0276b31307059d0dd9d0b08878a664db78205f4fd3f37fa:2:{i:0;s:3:\"UID\";i:1;s:5:\"=zoUI\";}'
]
2018-05-05 09:59:24 [127.0.0.1][-][-][error][Error] Error: Class 'LogE' not found in C:\code_edd\201804\yiicms\backend\service\core\MenuService.php:21
Stack trace:
#0 C:\code_edd\201804\yiicms\backend\controllers\core\MenuController.php(31): backend\service\core\MenuService::lists(Array)
#1 [internal function]: backend\controllers\core\MenuController->actionIndex()
#2 C:\code_edd\201804\yiicms\vendor\yiisoft\yii2\base\InlineAction.php(57): call_user_func_array(Array, Array)
#3 C:\code_edd\201804\yiicms\vendor\yiisoft\yii2\base\Controller.php(157): yii\base\InlineAction->runWithParams(Array)
#4 C:\code_edd\201804\yiicms\vendor\yiisoft\yii2\base\Module.php(528): yii\base\Controller->runAction('index', Array)
#5 C:\code_edd\201804\yiicms\vendor\yiisoft\yii2\web\Application.php(103): yii\base\Module->runAction('core/menu/index', Array)
#6 C:\code_edd\201804\yiicms\vendor\yiisoft\yii2\base\Application.php(386): yii\web\Application->handleRequest(Object(yii\web\Request))
#7 C:\code_edd\201804\yiicms\backend\web\index.php(18): yii\base\Application->run()
#8 {main}
2018-05-05 09:59:23 [127.0.0.1][-][-][info][application] $_GET = [
    'r' => 'core/menu/index'
]

$_POST = []

$_FILES = []

$_COOKIE = [
    'UID' => '2df54386c7b850d657a3a66103b537c9cf901ddd49416daf6033fca26738eba8a:2:{i:0;s:3:\"UID\";i:1;s:5:\"F37tq\";}'
]
2018-05-05 10:00:09 [127.0.0.1][-][-][error][Error] Error: Class 'common\helps\Yii' not found in C:\code_edd\201804\yiicms\common\helps\LogE.php:39
Stack trace:
#0 C:\code_edd\201804\yiicms\backend\service\core\MenuService.php(24): common\helps\LogE->infoLog('hi', 'test')
#1 C:\code_edd\201804\yiicms\backend\controllers\core\MenuController.php(31): backend\service\core\MenuService::lists(Array)
#2 [internal function]: backend\controllers\core\MenuController->actionIndex()
#3 C:\code_edd\201804\yiicms\vendor\yiisoft\yii2\base\InlineAction.php(57): call_user_func_array(Array, Array)
#4 C:\code_edd\201804\yiicms\vendor\yiisoft\yii2\base\Controller.php(157): yii\base\InlineAction->runWithParams(Array)
#5 C:\code_edd\201804\yiicms\vendor\yiisoft\yii2\base\Module.php(528): yii\base\Controller->runAction('index', Array)
#6 C:\code_edd\201804\yiicms\vendor\yiisoft\yii2\web\Application.php(103): yii\base\Module->runAction('core/menu/index', Array)
#7 C:\code_edd\201804\yiicms\vendor\yiisoft\yii2\base\Application.php(386): yii\web\Application->handleRequest(Object(yii\web\Request))
#8 C:\code_edd\201804\yiicms\backend\web\index.php(18): yii\base\Application->run()
#9 {main}
2018-05-05 10:00:08 [127.0.0.1][-][-][info][application] $_GET = [
    'r' => 'core/menu/index'
]

$_POST = []

$_FILES = []

$_COOKIE = [
    'UID' => '9b925206a68422e1e82517d4087dece0b702b61df67c2285ea0eff92c11737fca:2:{i:0;s:3:\"UID\";i:1;s:5:\"J6YAh\";}'
]
2018-05-05 10:02:23 [127.0.0.1][-][-][error][yii\base\ErrorException:2] yii\base\ErrorException: Missing argument 1 for common\helps\LogE::infoLog(), called in C:\code_edd\201804\yiicms\common\helps\LogE.php on line 41 and defined in C:\code_edd\201804\yiicms\common\helps\LogE.php:38
Stack trace:
#0 C:\code_edd\201804\yiicms\common\helps\LogE.php(38): yii\base\ErrorHandler->handleError(2, 'Missing argumen...', 'C:\\code_edd\\201...', 38, Array)
#1 C:\code_edd\201804\yiicms\common\helps\LogE.php(41): common\helps\LogE->infoLog()
#2 C:\code_edd\201804\yiicms\backend\service\core\MenuService.php(24): common\helps\LogE->infoLog('hi', 'test')
#3 C:\code_edd\201804\yiicms\backend\controllers\core\MenuController.php(31): backend\service\core\MenuService::lists(Array)
#4 [internal function]: backend\controllers\core\MenuController->actionIndex()
#5 C:\code_edd\201804\yiicms\vendor\yiisoft\yii2\base\InlineAction.php(57): call_user_func_array(Array, Array)
#6 C:\code_edd\201804\yiicms\vendor\yiisoft\yii2\base\Controller.php(157): yii\base\InlineAction->runWithParams(Array)
#7 C:\code_edd\201804\yiicms\vendor\yiisoft\yii2\base\Module.php(528): yii\base\Controller->runAction('index', Array)
#8 C:\code_edd\201804\yiicms\vendor\yiisoft\yii2\web\Application.php(103): yii\base\Module->runAction('core/menu/index', Array)
#9 C:\code_edd\201804\yiicms\vendor\yiisoft\yii2\base\Application.php(386): yii\web\Application->handleRequest(Object(yii\web\Request))
#10 C:\code_edd\201804\yiicms\backend\web\index.php(18): yii\base\Application->run()
#11 {main}
2018-05-05 10:02:22 [127.0.0.1][-][-][info][application] $_GET = [
    'r' => 'core/menu/in
    dex'
]

$_POST = []

$_FILES = []

$_COOKIE = [
    'UID' => 'fe852f058b3a187883688d0512ba42976d46b817b0242a45c59c8a5e72d27a7ea:2:{i:0;s:3:\"UID\";i:1;s:5:\"gLO5-\";}'
]
