2018-05-19 21:10:33 [127.0.0.1][-][-][warning][application] 请先选择文件[C:\code_edd\201804\yiicms\backend\service\core\UploadService.php:30]
    in C:\code_edd\201804\yiicms\common\service\BaseService.php:22
    in C:\code_edd\201804\yiicms\backend\service\core\UploadService.php:48
    in C:\code_edd\201804\yiicms\backend\controllers\core\UploadController.php:32
2018-05-19 21:10:31 [127.0.0.1][-][-][info][application] $_GET = []

$_POST = [
    'path' => 'avatar'
    'fileuploader-list-files' => ''
    'files' => ''
]

$_FILES = []

$_COOKIE = [
    'UID' => '77b766f3b6887b3b8e7b53da8a686020a58b853475618f5ad3633232715952c7a:2:{i:0;s:3:\"UID\";i:1;s:5:\"hMI46\";}'
]
2018-05-19 21:58:52 [127.0.0.1][-][-][warning][application] 账号不能为空[C:\code_edd\201804\yiicms\backend\service\core\AdminService.php:35]
    in C:\code_edd\201804\yiicms\common\service\BaseService.php:22
    in C:\code_edd\201804\yiicms\backend\service\core\AdminService.php:69
    in C:\code_edd\201804\yiicms\backend\controllers\core\AdminController.php:50
2018-05-19 21:58:51 [127.0.0.1][-][-][info][application] $_GET = []

$_POST = [
    'AlphaUsers' => [
        'avatar' => ''
        'user_login' => ''
        'user_pass' => ''
    ]
    'confirm_pass' => ''
    'role_id' => '25'
    'status' => '1'
]

$_FILES = []

$_COOKIE = [
    'UID' => '0904ec96723afddf6e41aad1079a7588b7b36512bc5dc79d763d3eea7e148f16a:2:{i:0;s:3:\"UID\";i:1;s:5:\"IPWch\";}'
]
2018-05-19 22:00:43 [127.0.0.1][-][-][warning][application] 密码不能为空[C:\code_edd\201804\yiicms\backend\service\core\AdminService.php:39]
    in C:\code_edd\201804\yiicms\common\service\BaseService.php:22
    in C:\code_edd\201804\yiicms\backend\service\core\AdminService.php:72
    in C:\code_edd\201804\yiicms\backend\controllers\core\AdminController.php:50
2018-05-19 22:00:42 [127.0.0.1][-][-][info][application] $_GET = []

$_POST = [
    'AlphaUsers' => [
        'avatar' => ''
        'user_login' => '2323'
        'user_pass' => ''
    ]
    'confirm_pass' => ''
    'role_id' => '25'
    'status' => '1'
]

$_FILES = []

$_COOKIE = [
    'UID' => 'df0c24cf77972f040fc93a6f615eda61a631ecc4c9d0eece67a40f9afe7bcc11a:2:{i:0;s:3:\"UID\";i:1;s:5:\"VmsIN\";}'
]
2018-05-19 22:00:46 [127.0.0.1][-][-][warning][application] 两次密码填写不一致[C:\code_edd\201804\yiicms\backend\service\core\AdminService.php:43]
    in C:\code_edd\201804\yiicms\common\service\BaseService.php:22
    in C:\code_edd\201804\yiicms\backend\service\core\AdminService.php:72
    in C:\code_edd\201804\yiicms\backend\controllers\core\AdminController.php:50
2018-05-19 22:00:45 [127.0.0.1][-][-][info][application] $_GET = []

$_POST = [
    'AlphaUsers' => [
        'avatar' => ''
        'user_login' => '2323'
        'user_pass' => '2323'
    ]
    'confirm_pass' => ''
    'role_id' => '25'
    'status' => '1'
]

$_FILES = []

$_COOKIE = [
    'UID' => '32d27bf07ffcc31bcdde73d6047d21a3230f33080b0e201d3084f1a1d6133374a:2:{i:0;s:3:\"UID\";i:1;s:5:\"cCn41\";}'
]
