2018-04-21 06:53:44 [127.0.0.1][-][-][warning][application] 账号不能为空[C:\code_edd\201804\yiicms\backend\service\core\AdminService.php:172]
    in C:\code_edd\201804\yiicms\common\service\BaseService.php:22
    in C:\code_edd\201804\yiicms\backend\service\core\AdminService.php:195
    in C:\code_edd\201804\yiicms\backend\controllers\core\AdminController.php:60
2018-04-21 06:53:43 [127.0.0.1][-][-][info][application] $_GET = [
    'r' => 'core/admin/edit'
]

$_POST = [
    'id' => '1'
    'AlphaUsers' => [
        'avatar' => 'http://qaqgame-1256160854.cos.ap-shanghai.myqcloud.com/avatar1524281424.png'
        'user_login' => ''
        'user_pass' => ''
    ]
    'confirm_pass' => ''
    'role_id' => '25'
    'status' => '1'
]

$_FILES = []

$_COOKIE = [
    'UID' => '23c76efd5175b3ef1345ec546990661447e45a7f6c84ded66b8b3032ca1d1230a:2:{i:0;s:3:\"UID\";i:1;s:5:\"6ykYD\";}'
]
2018-04-21 06:53:44 [127.0.0.1][-][-][warning][yii\log\Dispatcher::dispatch] Unable to send log via yii\log\DbTarget: Exception (Database Exception) 'yii\db\Exception' with message 'SQLSTATE[42S02]: Base table or view not found: 1146 Table 'yii2cms.log' doesn't exist
The SQL being executed was: INSERT INTO `log` (`level`, `category`, `log_time`, `prefix`, `message`)
                VALUES (8, 'yii\\base\\Application::bootstrap', 1524293623.755, '[127.0.0.1][-][-]', 'Bootstrap with yii\\log\\Dispatcher')' 

in C:\code_edd\201804\yiicms\vendor\yiisoft\yii2\db\Schema.php:664

Stack trace:
#0 C:\code_edd\201804\yiicms\vendor\yiisoft\yii2\db\Command.php(1263): yii\db\Schema->convertException(Object(PDOException), 'INSERT INTO `lo...')
#1 C:\code_edd\201804\yiicms\vendor\yiisoft\yii2\db\Command.php(1075): yii\db\Command->internalExecute('INSERT INTO `lo...')
#2 C:\code_edd\201804\yiicms\vendor\yiisoft\yii2\log\DbTarget.php(93): yii\db\Command->execute()
#3 C:\code_edd\201804\yiicms\vendor\yiisoft\yii2\log\Target.php(133): yii\log\DbTarget->export()
#4 C:\code_edd\201804\yiicms\vendor\yiisoft\yii2\log\Dispatcher.php(189): yii\log\Target->collect(Array, true)
#5 C:\code_edd\201804\yiicms\vendor\yiisoft\yii2\log\Logger.php(177): yii\log\Dispatcher->dispatch(Array, true)
#6 [internal function]: yii\log\Logger->flush(true)
#7 {main}
2018-04-21 06:53:43 [127.0.0.1][-][-][info][application] $_GET = [
    'r' => 'core/admin/edit'
]

$_POST = [
    'id' => '1'
    'AlphaUsers' => [
        'avatar' => 'http://qaqgame-1256160854.cos.ap-shanghai.myqcloud.com/avatar1524281424.png'
        'user_login' => ''
        'user_pass' => ''
    ]
    'confirm_pass' => ''
    'role_id' => '25'
    'status' => '1'
]

$_FILES = []

$_COOKIE = [
    'UID' => '23c76efd5175b3ef1345ec546990661447e45a7f6c84ded66b8b3032ca1d1230a:2:{i:0;s:3:\"UID\";i:1;s:5:\"6ykYD\";}'
]
2018-04-21 07:55:35 [127.0.0.1][-][-][warning][application] Undefined index: files[C:\code_edd\201804\yiicms\backend\service\core\UploadService.php:27]
    in C:\code_edd\201804\yiicms\common\service\BaseService.php:22
    in C:\code_edd\201804\yiicms\backend\service\core\UploadService.php:35
    in C:\code_edd\201804\yiicms\backend\controllers\core\UploadController.php:31
2018-04-21 07:55:34 [127.0.0.1][-][-][info][application] $_GET = [
    'r' => 'core/upload/upload-single'
]

$_POST = [
    'path' => 'avatar'
    'fileuploader-list-files' => ''
    'files' => ''
]

$_FILES = []

$_COOKIE = [
    'UID' => 'b9b0aa9b0647fd9631840e4aab6550bcf67d375ef99bf1c0c8975aee9db3b831a:2:{i:0;s:3:\"UID\";i:1;s:5:\"_BoXX\";}'
]
2018-04-21 07:55:54 [127.0.0.1][-][-][warning][application] 账号不能为空[C:\code_edd\201804\yiicms\backend\service\core\AdminService.php:35]
    in C:\code_edd\201804\yiicms\common\service\BaseService.php:22
    in C:\code_edd\201804\yiicms\backend\service\core\AdminService.php:69
    in C:\code_edd\201804\yiicms\backend\controllers\core\AdminController.php:49
2018-04-21 07:55:53 [127.0.0.1][-][-][info][application] $_GET = [
    'r' => 'core/admin/add'
]

$_POST = [
    'AlphaUsers' => [
        'avatar' => ''
        'user_login' => ''
        'user_pass' => ''
    ]
    'confirm_pass' => ''
    'role_id' => '25'
    'status' => '1'
]

$_FILES = []

$_COOKIE = [
    'UID' => '09a8fe53208d8ff132a800f2799d413823da82cd9455b6f8a553e6b95612f77fa:2:{i:0;s:3:\"UID\";i:1;s:5:\"uSF2j\";}'
]
2018-04-21 08:08:21 [127.0.0.1][-][-][error][yii\base\ErrorException:8] yii\base\ErrorException: Undefined index: id in C:\code_edd\201804\yiicms\common\helps\AuthE.php:61
Stack trace:
#0 C:\code_edd\201804\yiicms\common\helps\AuthE.php(61): yii\base\ErrorHandler->handleError(8, 'Undefined index...', 'C:\\code_edd\\201...', 61, Array)
#1 C:\code_edd\201804\yiicms\backend\controllers\core\BaseController.php(39): common\helps\AuthE->check('1')
#2 C:\code_edd\201804\yiicms\backend\controllers\core\RoleController.php(34): backend\controllers\core\BaseController->beforeAction(Object(yii\base\InlineAction))
#3 C:\code_edd\201804\yiicms\vendor\yiisoft\yii2\base\Controller.php(155): backend\controllers\core\RoleController->beforeAction(Object(yii\base\InlineAction))
#4 C:\code_edd\201804\yiicms\vendor\yiisoft\yii2\base\Module.php(528): yii\base\Controller->runAction('edit', Array)
#5 C:\code_edd\201804\yiicms\vendor\yiisoft\yii2\web\Application.php(103): yii\base\Module->runAction('core/role/edit', Array)
#6 C:\code_edd\201804\yiicms\vendor\yiisoft\yii2\base\Application.php(386): yii\web\Application->handleRequest(Object(yii\web\Request))
#7 C:\code_edd\201804\yiicms\backend\web\index.php(18): yii\base\Application->run()
#8 {main}
2018-04-21 08:08:20 [127.0.0.1][-][-][info][application] $_GET = [
    'r' => 'core/role/edit'
    'id' => '25'
]

$_POST = []

$_FILES = []

$_COOKIE = [
    'UID' => 'b0cf79f9217564c0bdcce7e212ed527741ebd51d04b8d4bc104c18e484c7a3cca:2:{i:0;s:3:\"UID\";i:1;s:5:\"2mqSN\";}'
]
2018-04-21 08:08:50 [127.0.0.1][-][-][error][yii\base\ErrorException:8] yii\base\ErrorException: Undefined index: name in C:\code_edd\201804\yiicms\common\helps\AuthE.php:61
Stack trace:
#0 C:\code_edd\201804\yiicms\common\helps\AuthE.php(61): yii\base\ErrorHandler->handleError(8, 'Undefined index...', 'C:\\code_edd\\201...', 61, Array)
#1 C:\code_edd\201804\yiicms\backend\controllers\core\BaseController.php(39): common\helps\AuthE->check('1')
#2 C:\code_edd\201804\yiicms\backend\controllers\core\RoleController.php(34): backend\controllers\core\BaseController->beforeAction(Object(yii\base\InlineAction))
#3 C:\code_edd\201804\yiicms\vendor\yiisoft\yii2\base\Controller.php(155): backend\controllers\core\RoleController->beforeAction(Object(yii\base\InlineAction))
#4 C:\code_edd\201804\yiicms\vendor\yiisoft\yii2\base\Module.php(528): yii\base\Controller->runAction('edit', Array)
#5 C:\code_edd\201804\yiicms\vendor\yiisoft\yii2\web\Application.php(103): yii\base\Module->runAction('core/role/edit', Array)
#6 C:\code_edd\201804\yiicms\vendor\yiisoft\yii2\base\Application.php(386): yii\web\Application->handleRequest(Object(yii\web\Request))
#7 C:\code_edd\201804\yiicms\backend\web\index.php(18): yii\base\Application->run()
#8 {main}
2018-04-21 08:08:49 [127.0.0.1][-][-][info][application] $_GET = [
    'r' => 'core/role/edit'
    'id' => '25'
]

$_POST = []

$_FILES = []

$_COOKIE = [
    'UID' => '2423b7d61d8654e567a7de246a07376fd77e013be5b5ee9059e66925c7826ee8a:2:{i:0;s:3:\"UID\";i:1;s:5:\"eDLK6\";}'
]
2018-04-21 08:09:00 [127.0.0.1][-][-][error][Exception] Exception: 无权操作【角色编辑逻辑】权限 in C:\code_edd\201804\yiicms\common\helps\AuthE.php:91
Stack trace:
#0 C:\code_edd\201804\yiicms\common\helps\AuthE.php(61): common\helps\AuthE->role_rule_in('1', '310', '\xE8\xA7\x92\xE8\x89\xB2\xE7\xBC\x96\xE8\xBE\x91\xE9\x80\xBB...')
#1 C:\code_edd\201804\yiicms\backend\controllers\core\BaseController.php(39): common\helps\AuthE->check('1')
#2 C:\code_edd\201804\yiicms\backend\controllers\core\RoleController.php(34): backend\controllers\core\BaseController->beforeAction(Object(yii\base\InlineAction))
#3 C:\code_edd\201804\yiicms\vendor\yiisoft\yii2\base\Controller.php(155): backend\controllers\core\RoleController->beforeAction(Object(yii\base\InlineAction))
#4 C:\code_edd\201804\yiicms\vendor\yiisoft\yii2\base\Module.php(528): yii\base\Controller->runAction('edit', Array)
#5 C:\code_edd\201804\yiicms\vendor\yiisoft\yii2\web\Application.php(103): yii\base\Module->runAction('core/role/edit', Array)
#6 C:\code_edd\201804\yiicms\vendor\yiisoft\yii2\base\Application.php(386): yii\web\Application->handleRequest(Object(yii\web\Request))
#7 C:\code_edd\201804\yiicms\backend\web\index.php(18): yii\base\Application->run()
#8 {main}
2018-04-21 08:08:59 [127.0.0.1][-][-][info][application] $_GET = [
    'r' => 'core/role/edit'
    'id' => '25'
]

$_POST = []

$_FILES = []

$_COOKIE = [
    'UID' => '474a99e3395e26e6f71c28d2f4ce9db6b64222875da9f467bd3c8c3ff7cbbd01a:2:{i:0;s:3:\"UID\";i:1;s:5:\"wDI7f\";}'
]
2018-04-21 08:11:48 [127.0.0.1][-][-][warning][application] Undefined index: rules[C:\code_edd\201804\yiicms\backend\service\core\RoleService.php:85]
    in C:\code_edd\201804\yiicms\common\service\BaseService.php:22
    in C:\code_edd\201804\yiicms\backend\service\core\RoleService.php:94
    in C:\code_edd\201804\yiicms\backend\controllers\core\RoleController.php:62
2018-04-21 08:11:47 [127.0.0.1][-][-][info][application] $_GET = [
    'r' => 'core/role/edit'
]

$_POST = [
    'id' => '25'
    'AlphaRole' => [
        'name' => '超级管理员'
        'remark' => ''
    ]
    'nav_list' => '216-217'
    'status' => '1'
]

$_FILES = []

$_COOKIE = [
    'UID' => 'c0913e704a84f22c1a4f0100850eea8fb29db9bc6e6a8fe896fb93fa8c289cb9a:2:{i:0;s:3:\"UID\";i:1;s:5:\"cCn41\";}'
]
2018-04-21 08:11:58 [127.0.0.1][-][-][warning][application] Undefined index: rules[C:\code_edd\201804\yiicms\backend\service\core\RoleService.php:85]
    in C:\code_edd\201804\yiicms\common\service\BaseService.php:22
    in C:\code_edd\201804\yiicms\backend\service\core\RoleService.php:94
    in C:\code_edd\201804\yiicms\backend\controllers\core\RoleController.php:62
2018-04-21 08:11:57 [127.0.0.1][-][-][info][application] $_GET = [
    'r' => 'core/role/edit'
]

$_POST = [
    'id' => '25'
    'AlphaRole' => [
        'name' => '超级管理员'
        'remark' => ''
    ]
    'nav_list' => '216-217'
    'status' => '1'
]

$_FILES = []

$_COOKIE = [
    'UID' => '04b393ad4ff56c790b554b4c293b26f3c31a04d29f7b947ad8a1b9353288ff13a:2:{i:0;s:3:\"UID\";i:1;s:5:\"vY4m6\";}'
]
2018-04-21 08:14:54 [127.0.0.1][-][-][error][Exception] Exception: 无权操作【角色编辑逻辑】权限 in C:\code_edd\201804\yiicms\common\helps\AuthE.php:91
Stack trace:
#0 C:\code_edd\201804\yiicms\common\helps\AuthE.php(61): common\helps\AuthE->role_rule_in('1', '310', '\xE8\xA7\x92\xE8\x89\xB2\xE7\xBC\x96\xE8\xBE\x91\xE9\x80\xBB...')
#1 C:\code_edd\201804\yiicms\backend\controllers\core\BaseController.php(39): common\helps\AuthE->check('1')
#2 C:\code_edd\201804\yiicms\backend\controllers\core\RoleController.php(34): backend\controllers\core\BaseController->beforeAction(Object(yii\base\InlineAction))
#3 C:\code_edd\201804\yiicms\vendor\yiisoft\yii2\base\Controller.php(155): backend\controllers\core\RoleController->beforeAction(Object(yii\base\InlineAction))
#4 C:\code_edd\201804\yiicms\vendor\yiisoft\yii2\base\Module.php(528): yii\base\Controller->runAction('edit', Array)
#5 C:\code_edd\201804\yiicms\vendor\yiisoft\yii2\web\Application.php(103): yii\base\Module->runAction('core/role/edit', Array)
#6 C:\code_edd\201804\yiicms\vendor\yiisoft\yii2\base\Application.php(386): yii\web\Application->handleRequest(Object(yii\web\Request))
#7 C:\code_edd\201804\yiicms\backend\web\index.php(18): yii\base\Application->run()
#8 {main}
2018-04-21 08:14:53 [127.0.0.1][-][-][info][application] $_GET = [
    'r' => 'core/role/edit'
    'id' => '25'
]

$_POST = []

$_FILES = []

$_COOKIE = [
    'UID' => '61a8314c827cf00fbcafefbf1d60b7b33169772c82eea22bed136198ba90fdf6a:2:{i:0;s:3:\"UID\";i:1;s:5:\"E67sq\";}'
]
2018-04-21 08:15:09 [127.0.0.1][-][-][error][Exception] Exception: 无权操作【角色编辑逻辑】权限 in C:\code_edd\201804\yiicms\common\helps\AuthE.php:91
Stack trace:
#0 C:\code_edd\201804\yiicms\common\helps\AuthE.php(61): common\helps\AuthE->role_rule_in('1', '310', '\xE8\xA7\x92\xE8\x89\xB2\xE7\xBC\x96\xE8\xBE\x91\xE9\x80\xBB...')
#1 C:\code_edd\201804\yiicms\backend\controllers\core\BaseController.php(39): common\helps\AuthE->check('1')
#2 C:\code_edd\201804\yiicms\backend\controllers\core\RoleController.php(34): backend\controllers\core\BaseController->beforeAction(Object(yii\base\InlineAction))
#3 C:\code_edd\201804\yiicms\vendor\yiisoft\yii2\base\Controller.php(155): backend\controllers\core\RoleController->beforeAction(Object(yii\base\InlineAction))
#4 C:\code_edd\201804\yiicms\vendor\yiisoft\yii2\base\Module.php(528): yii\base\Controller->runAction('edit', Array)
#5 C:\code_edd\201804\yiicms\vendor\yiisoft\yii2\web\Application.php(103): yii\base\Module->runAction('core/role/edit', Array)
#6 C:\code_edd\201804\yiicms\vendor\yiisoft\yii2\base\Application.php(386): yii\web\Application->handleRequest(Object(yii\web\Request))
#7 C:\code_edd\201804\yiicms\backend\web\index.php(18): yii\base\Application->run()
#8 {main}
2018-04-21 08:15:08 [127.0.0.1][-][-][info][application] $_GET = [
    'r' => 'core/role/edit'
    'id' => '25'
]

$_POST = []

$_FILES = []

$_COOKIE = [
    'UID' => '21aacd9142df344053a1139a92b63b809bff73015daa71427b2ce3f4269bfc9ea:2:{i:0;s:3:\"UID\";i:1;s:5:\"iFP5S\";}'
]
2018-04-21 08:21:51 [127.0.0.1][-][-][warning][application] 角色名称不能为空。[C:\code_edd\201804\yiicms\backend\service\core\RoleService.php:29]
    in C:\code_edd\201804\yiicms\common\service\BaseService.php:22
    in C:\code_edd\201804\yiicms\backend\service\core\RoleService.php:33
    in C:\code_edd\201804\yiicms\backend\controllers\core\RoleController.php:40
2018-04-21 08:21:50 [127.0.0.1][-][-][info][application] $_GET = [
    'r' => 'core/role/add'
]

$_POST = [
    'AlphaRole' => [
        'name' => ''
        'remark' => ''
    ]
    'status' => '1'
]

$_FILES = []

$_COOKIE = [
    'UID' => '04b393ad4ff56c790b554b4c293b26f3c31a04d29f7b947ad8a1b9353288ff13a:2:{i:0;s:3:\"UID\";i:1;s:5:\"vY4m6\";}'
]
2018-04-21 08:22:25 [127.0.0.1][-][-][error][Exception] Exception: 无权操作【角色添加逻辑】权限 in C:\code_edd\201804\yiicms\common\helps\AuthE.php:91
Stack trace:
#0 C:\code_edd\201804\yiicms\common\helps\AuthE.php(61): common\helps\AuthE->role_rule_in('1', '308', '\xE8\xA7\x92\xE8\x89\xB2\xE6\xB7\xBB\xE5\x8A\xA0\xE9\x80\xBB...')
#1 C:\code_edd\201804\yiicms\backend\controllers\core\BaseController.php(39): common\helps\AuthE->check('1')
#2 C:\code_edd\201804\yiicms\backend\controllers\core\RoleController.php(34): backend\controllers\core\BaseController->beforeAction(Object(yii\base\InlineAction))
#3 C:\code_edd\201804\yiicms\vendor\yiisoft\yii2\base\Controller.php(155): backend\controllers\core\RoleController->beforeAction(Object(yii\base\InlineAction))
#4 C:\code_edd\201804\yiicms\vendor\yiisoft\yii2\base\Module.php(528): yii\base\Controller->runAction('add', Array)
#5 C:\code_edd\201804\yiicms\vendor\yiisoft\yii2\web\Application.php(103): yii\base\Module->runAction('core/role/add', Array)
#6 C:\code_edd\201804\yiicms\vendor\yiisoft\yii2\base\Application.php(386): yii\web\Application->handleRequest(Object(yii\web\Request))
#7 C:\code_edd\201804\yiicms\backend\web\index.php(18): yii\base\Application->run()
#8 {main}
2018-04-21 08:22:24 [127.0.0.1][-][-][info][application] $_GET = [
    'r' => 'core/role/add'
]

$_POST = [
    'AlphaRole' => [
        'name' => ''
        'remark' => ''
    ]
    'status' => '1'
]

$_FILES = []

$_COOKIE = [
    'UID' => '9685c243fac6562fca07df6a51b3475e96fecde78a60b8ce2c7e8a1bd8c0899ca:2:{i:0;s:3:\"UID\";i:1;s:5:\"=zoUI\";}'
]
2018-04-21 08:23:26 [127.0.0.1][-][-][error][Exception] Exception: 无权操作【角色添加逻辑】权限 in C:\code_edd\201804\yiicms\common\helps\AuthE.php:90
Stack trace:
#0 C:\code_edd\201804\yiicms\common\helps\AuthE.php(60): common\helps\AuthE->role_rule_in('1', '308', '\xE8\xA7\x92\xE8\x89\xB2\xE6\xB7\xBB\xE5\x8A\xA0\xE9\x80\xBB...')
#1 C:\code_edd\201804\yiicms\backend\controllers\core\BaseController.php(39): common\helps\AuthE->check('1')
#2 C:\code_edd\201804\yiicms\backend\controllers\core\RoleController.php(34): backend\controllers\core\BaseController->beforeAction(Object(yii\base\InlineAction))
#3 C:\code_edd\201804\yiicms\vendor\yiisoft\yii2\base\Controller.php(155): backend\controllers\core\RoleController->beforeAction(Object(yii\base\InlineAction))
#4 C:\code_edd\201804\yiicms\vendor\yiisoft\yii2\base\Module.php(528): yii\base\Controller->runAction('add', Array)
#5 C:\code_edd\201804\yiicms\vendor\yiisoft\yii2\web\Application.php(103): yii\base\Module->runAction('core/role/add', Array)
#6 C:\code_edd\201804\yiicms\vendor\yiisoft\yii2\base\Application.php(386): yii\web\Application->handleRequest(Object(yii\web\Request))
#7 C:\code_edd\201804\yiicms\backend\web\index.php(18): yii\base\Application->run()
#8 {main}
2018-04-21 08:23:25 [127.0.0.1][-][-][info][application] $_GET = [
    'r' => 'core/role/add'
]

$_POST = [
    'AlphaRole' => [
        'name' => ''
        'remark' => ''
    ]
    'status' => '1'
]

$_FILES = []

$_COOKIE = [
    'UID' => 'b0cf79f9217564c0bdcce7e212ed527741ebd51d04b8d4bc104c18e484c7a3cca:2:{i:0;s:3:\"UID\";i:1;s:5:\"2mqSN\";}'
]
2018-04-21 08:24:40 [127.0.0.1][-][-][error][Exception] Exception: 无权操作【角色添加逻辑】权限 in C:\code_edd\201804\yiicms\common\helps\AuthE.php:90
Stack trace:
#0 C:\code_edd\201804\yiicms\common\helps\AuthE.php(60): common\helps\AuthE->role_rule_in('1', '308', '\xE8\xA7\x92\xE8\x89\xB2\xE6\xB7\xBB\xE5\x8A\xA0\xE9\x80\xBB...')
#1 C:\code_edd\201804\yiicms\backend\controllers\core\BaseController.php(39): common\helps\AuthE->check('1')
#2 C:\code_edd\201804\yiicms\backend\controllers\core\RoleController.php(34): backend\controllers\core\BaseController->beforeAction(Object(yii\base\InlineAction))
#3 C:\code_edd\201804\yiicms\vendor\yiisoft\yii2\base\Controller.php(155): backend\controllers\core\RoleController->beforeAction(Object(yii\base\InlineAction))
#4 C:\code_edd\201804\yiicms\vendor\yiisoft\yii2\base\Module.php(528): yii\base\Controller->runAction('add', Array)
#5 C:\code_edd\201804\yiicms\vendor\yiisoft\yii2\web\Application.php(103): yii\base\Module->runAction('core/role/add', Array)
#6 C:\code_edd\201804\yiicms\vendor\yiisoft\yii2\base\Application.php(386): yii\web\Application->handleRequest(Object(yii\web\Request))
#7 C:\code_edd\201804\yiicms\backend\web\index.php(18): yii\base\Application->run()
#8 {main}
2018-04-21 08:24:39 [127.0.0.1][-][-][info][application] $_GET = [
    'r' => 'core/role/add'
]

$_POST = [
    'AlphaRole' => [
        'name' => ''
        'remark' => ''
    ]
    'status' => '1'
]

$_FILES = []

$_COOKIE = [
    'UID' => 'b0cf79f9217564c0bdcce7e212ed527741ebd51d04b8d4bc104c18e484c7a3cca:2:{i:0;s:3:\"UID\";i:1;s:5:\"2mqSN\";}'
]
2018-04-21 08:24:51 [127.0.0.1][-][-][error][Exception] Exception: 无权操作【角色添加逻辑】权限 in C:\code_edd\201804\yiicms\common\helps\AuthE.php:90
Stack trace:
#0 C:\code_edd\201804\yiicms\common\helps\AuthE.php(60): common\helps\AuthE->role_rule_in('1', '308', '\xE8\xA7\x92\xE8\x89\xB2\xE6\xB7\xBB\xE5\x8A\xA0\xE9\x80\xBB...')
#1 C:\code_edd\201804\yiicms\backend\controllers\core\BaseController.php(39): common\helps\AuthE->check('1')
#2 C:\code_edd\201804\yiicms\backend\controllers\core\RoleController.php(34): backend\controllers\core\BaseController->beforeAction(Object(yii\base\InlineAction))
#3 C:\code_edd\201804\yiicms\vendor\yiisoft\yii2\base\Controller.php(155): backend\controllers\core\RoleController->beforeAction(Object(yii\base\InlineAction))
#4 C:\code_edd\201804\yiicms\vendor\yiisoft\yii2\base\Module.php(528): yii\base\Controller->runAction('add', Array)
#5 C:\code_edd\201804\yiicms\vendor\yiisoft\yii2\web\Application.php(103): yii\base\Module->runAction('core/role/add', Array)
#6 C:\code_edd\201804\yiicms\vendor\yiisoft\yii2\base\Application.php(386): yii\web\Application->handleRequest(Object(yii\web\Request))
#7 C:\code_edd\201804\yiicms\backend\web\index.php(18): yii\base\Application->run()
#8 {main}
2018-04-21 08:24:50 [127.0.0.1][-][-][info][application] $_GET = [
    'r' => 'core/role/add'
]

$_POST = [
    'AlphaRole' => [
        'name' => ''
        'remark' => ''
    ]
    'status' => '1'
]

$_FILES = []

$_COOKIE = [
    'UID' => 'c4dbe2e3743b3da29ea7b679547a167270f6bed0beef9c474e03fe9ccd0d8e6fa:2:{i:0;s:3:\"UID\";i:1;s:5:\"tEFfe\";}'
]
2018-04-21 08:25:30 [127.0.0.1][-][-][error][Exception] Exception: 无权操作【角色添加逻辑】权限 in C:\code_edd\201804\yiicms\common\helps\AuthE.php:90
Stack trace:
#0 C:\code_edd\201804\yiicms\common\helps\AuthE.php(60): common\helps\AuthE->role_rule_in('1', '308', '\xE8\xA7\x92\xE8\x89\xB2\xE6\xB7\xBB\xE5\x8A\xA0\xE9\x80\xBB...')
#1 C:\code_edd\201804\yiicms\backend\controllers\core\BaseController.php(39): common\helps\AuthE->check('1')
#2 C:\code_edd\201804\yiicms\backend\controllers\core\RoleController.php(34): backend\controllers\core\BaseController->beforeAction(Object(yii\base\InlineAction))
#3 C:\code_edd\201804\yiicms\vendor\yiisoft\yii2\base\Controller.php(155): backend\controllers\core\RoleController->beforeAction(Object(yii\base\InlineAction))
#4 C:\code_edd\201804\yiicms\vendor\yiisoft\yii2\base\Module.php(528): yii\base\Controller->runAction('add', Array)
#5 C:\code_edd\201804\yiicms\vendor\yiisoft\yii2\web\Application.php(103): yii\base\Module->runAction('core/role/add', Array)
#6 C:\code_edd\201804\yiicms\vendor\yiisoft\yii2\base\Application.php(386): yii\web\Application->handleRequest(Object(yii\web\Request))
#7 C:\code_edd\201804\yiicms\backend\web\index.php(18): yii\base\Application->run()
#8 {main}
2018-04-21 08:25:29 [127.0.0.1][-][-][info][application] $_GET = [
    'r' => 'core/role/add'
]

$_POST = [
    'AlphaRole' => [
        'name' => ''
        'remark' => ''
    ]
    'status' => '1'
]

$_FILES = []

$_COOKIE = [
    'UID' => 'bba7d00a94b9db1ac58232e93a872b54d14a15a4f4d594e86aea24054f7108b5a:2:{i:0;s:3:\"UID\";i:1;s:5:\"pUTWW\";}'
]
2018-04-21 08:25:33 [127.0.0.1][-][-][error][Exception] Exception: 无权操作【角色添加逻辑】权限 in C:\code_edd\201804\yiicms\common\helps\AuthE.php:90
Stack trace:
#0 C:\code_edd\201804\yiicms\common\helps\AuthE.php(60): common\helps\AuthE->role_rule_in('1', '308', '\xE8\xA7\x92\xE8\x89\xB2\xE6\xB7\xBB\xE5\x8A\xA0\xE9\x80\xBB...')
#1 C:\code_edd\201804\yiicms\backend\controllers\core\BaseController.php(39): common\helps\AuthE->check('1')
#2 C:\code_edd\201804\yiicms\backend\controllers\core\RoleController.php(34): backend\controllers\core\BaseController->beforeAction(Object(yii\base\InlineAction))
#3 C:\code_edd\201804\yiicms\vendor\yiisoft\yii2\base\Controller.php(155): backend\controllers\core\RoleController->beforeAction(Object(yii\base\InlineAction))
#4 C:\code_edd\201804\yiicms\vendor\yiisoft\yii2\base\Module.php(528): yii\base\Controller->runAction('add', Array)
#5 C:\code_edd\201804\yiicms\vendor\yiisoft\yii2\web\Application.php(103): yii\base\Module->runAction('core/role/add', Array)
#6 C:\code_edd\201804\yiicms\vendor\yiisoft\yii2\base\Application.php(386): yii\web\Application->handleRequest(Object(yii\web\Request))
#7 C:\code_edd\201804\yiicms\backend\web\index.php(18): yii\base\Application->run()
#8 {main}
2018-04-21 08:25:32 [127.0.0.1][-][-][info][application] $_GET = [
    'r' => 'core/role/add'
]

$_POST = [
    'AlphaRole' => [
        'name' => ''
        'remark' => ''
    ]
    'status' => '1'
]

$_FILES = []

$_COOKIE = [
    'UID' => '8d08df1545899d339735bc0b962659c334254905cf0821e8c055a909d1d3e820a:2:{i:0;s:3:\"UID\";i:1;s:5:\"TdmCs\";}'
]
2018-04-21 08:28:11 [127.0.0.1][-][-][warning][application] 角色名称不能为空。[C:\code_edd\201804\yiicms\backend\service\core\RoleService.php:29]
    in C:\code_edd\201804\yiicms\common\service\BaseService.php:22
    in C:\code_edd\201804\yiicms\backend\service\core\RoleService.php:33
    in C:\code_edd\201804\yiicms\backend\controllers\core\RoleController.php:40
2018-04-21 08:28:10 [127.0.0.1][-][-][info][application] $_GET = [
    'r' => 'core/role/add'
]

$_POST = [
    'AlphaRole' => [
        'name' => ''
        'remark' => ''
    ]
    'status' => '1'
]

$_FILES = []

$_COOKIE = [
    'UID' => '6d6adbf1f3ef3f0a921b6fdf0803917aea33d7758ec65f5a6b8dd5ce42c85a00a:2:{i:0;s:3:\"UID\";i:1;s:5:\"F37tq\";}'
]
2018-04-21 08:28:18 [127.0.0.1][-][-][warning][application] 角色名称不能为空。[C:\code_edd\201804\yiicms\backend\service\core\RoleService.php:29]
    in C:\code_edd\201804\yiicms\common\service\BaseService.php:22
    in C:\code_edd\201804\yiicms\backend\service\core\RoleService.php:33
    in C:\code_edd\201804\yiicms\backend\controllers\core\RoleController.php:40
2018-04-21 08:28:17 [127.0.0.1][-][-][info][application] $_GET = [
    'r' => 'core/role/add'
]

$_POST = [
    'AlphaRole' => [
        'name' => ''
        'remark' => ''
    ]
    'status' => '1'
]

$_FILES = []

$_COOKIE = [
    'UID' => '25ac019ca8f7d3f97d02fe89e8074cee980f2783c512c71b1b0a22e86ceeca38a:2:{i:0;s:3:\"UID\";i:1;s:5:\"XiarH\";}'
]
2018-04-21 08:28:41 [127.0.0.1][-][-][error][Exception] Exception: 无权操作【角色添加逻辑】权限 in C:\code_edd\201804\yiicms\common\helps\AuthE.php:91
Stack trace:
#0 C:\code_edd\201804\yiicms\common\helps\AuthE.php(61): common\helps\AuthE->role_rule_in('1', '308', '\xE8\xA7\x92\xE8\x89\xB2\xE6\xB7\xBB\xE5\x8A\xA0\xE9\x80\xBB...')
#1 C:\code_edd\201804\yiicms\backend\controllers\core\BaseController.php(39): common\helps\AuthE->check('1')
#2 C:\code_edd\201804\yiicms\backend\controllers\core\RoleController.php(34): backend\controllers\core\BaseController->beforeAction(Object(yii\base\InlineAction))
#3 C:\code_edd\201804\yiicms\vendor\yiisoft\yii2\base\Controller.php(155): backend\controllers\core\RoleController->beforeAction(Object(yii\base\InlineAction))
#4 C:\code_edd\201804\yiicms\vendor\yiisoft\yii2\base\Module.php(528): yii\base\Controller->runAction('add', Array)
#5 C:\code_edd\201804\yiicms\vendor\yiisoft\yii2\web\Application.php(103): yii\base\Module->runAction('core/role/add', Array)
#6 C:\code_edd\201804\yiicms\vendor\yiisoft\yii2\base\Application.php(386): yii\web\Application->handleRequest(Object(yii\web\Request))
#7 C:\code_edd\201804\yiicms\backend\web\index.php(18): yii\base\Application->run()
#8 {main}
2018-04-21 08:28:40 [127.0.0.1][-][-][info][application] $_GET = [
    'r' => 'core/role/add'
]

$_POST = [
    'AlphaRole' => [
        'name' => ''
        'remark' => ''
    ]
    'status' => '1'
]

$_FILES = []

$_COOKIE = [
    'UID' => '04b393ad4ff56c790b554b4c293b26f3c31a04d29f7b947ad8a1b9353288ff13a:2:{i:0;s:3:\"UID\";i:1;s:5:\"vY4m6\";}'
]
2018-04-21 08:29:22 [127.0.0.1][-][-][error][Exception] Exception: 无权操作【角色添加逻辑】权限 in C:\code_edd\201804\yiicms\common\helps\AuthE.php:91
Stack trace:
#0 C:\code_edd\201804\yiicms\common\helps\AuthE.php(61): common\helps\AuthE->role_rule_in('1', '308', '\xE8\xA7\x92\xE8\x89\xB2\xE6\xB7\xBB\xE5\x8A\xA0\xE9\x80\xBB...')
#1 C:\code_edd\201804\yiicms\backend\controllers\core\BaseController.php(39): common\helps\AuthE->check('1')
#2 C:\code_edd\201804\yiicms\backend\controllers\core\RoleController.php(34): backend\controllers\core\BaseController->beforeAction(Object(yii\base\InlineAction))
#3 C:\code_edd\201804\yiicms\vendor\yiisoft\yii2\base\Controller.php(155): backend\controllers\core\RoleController->beforeAction(Object(yii\base\InlineAction))
#4 C:\code_edd\201804\yiicms\vendor\yiisoft\yii2\base\Module.php(528): yii\base\Controller->runAction('add', Array)
#5 C:\code_edd\201804\yiicms\vendor\yiisoft\yii2\web\Application.php(103): yii\base\Module->runAction('core/role/add', Array)
#6 C:\code_edd\201804\yiicms\vendor\yiisoft\yii2\base\Application.php(386): yii\web\Application->handleRequest(Object(yii\web\Request))
#7 C:\code_edd\201804\yiicms\backend\web\index.php(18): yii\base\Application->run()
#8 {main}
2018-04-21 08:29:21 [127.0.0.1][-][-][info][application] $_GET = [
    'r' => 'core/role/add'
]

$_POST = [
    'AlphaRole' => [
        'name' => ''
        'remark' => ''
    ]
    'status' => '1'
]

$_FILES = []

$_COOKIE = [
    'UID' => 'fe995a69a3438f486cd7b0fa958af2d5538d52f6942e38ca00e98d983248747fa:2:{i:0;s:3:\"UID\";i:1;s:5:\"doEZK\";}'
]
2018-04-21 08:29:25 [127.0.0.1][-][-][error][Exception] Exception: 无权操作【角色添加逻辑】权限 in C:\code_edd\201804\yiicms\common\helps\AuthE.php:91
Stack trace:
#0 C:\code_edd\201804\yiicms\common\helps\AuthE.php(61): common\helps\AuthE->role_rule_in('1', '308', '\xE8\xA7\x92\xE8\x89\xB2\xE6\xB7\xBB\xE5\x8A\xA0\xE9\x80\xBB...')
#1 C:\code_edd\201804\yiicms\backend\controllers\core\BaseController.php(39): common\helps\AuthE->check('1')
#2 C:\code_edd\201804\yiicms\backend\controllers\core\RoleController.php(34): backend\controllers\core\BaseController->beforeAction(Object(yii\base\InlineAction))
#3 C:\code_edd\201804\yiicms\vendor\yiisoft\yii2\base\Controller.php(155): backend\controllers\core\RoleController->beforeAction(Object(yii\base\InlineAction))
#4 C:\code_edd\201804\yiicms\vendor\yiisoft\yii2\base\Module.php(528): yii\base\Controller->runAction('add', Array)
#5 C:\code_edd\201804\yiicms\vendor\yiisoft\yii2\web\Application.php(103): yii\base\Module->runAction('core/role/add', Array)
#6 C:\code_edd\201804\yiicms\vendor\yiisoft\yii2\base\Application.php(386): yii\web\Application->handleRequest(Object(yii\web\Request))
#7 C:\code_edd\201804\yiicms\backend\web\index.php(18): yii\base\Application->run()
#8 {main}
2018-04-21 08:29:24 [127.0.0.1][-][-][info][application] $_GET = [
    'r' => 'core/role/add'
]

$_POST = [
    'AlphaRole' => [
        'name' => ''
        'remark' => ''
    ]
    'status' => '1'
]

$_FILES = []

$_COOKIE = [
    'UID' => 'e7cf96006e29733ea986a03ae72fa1b11aa84cf189df8e40b40e64f35adb3479a:2:{i:0;s:3:\"UID\";i:1;s:5:\"7ckRS\";}'
]
2018-04-21 08:33:02 [127.0.0.1][-][-][warning][application] 无权操作【角色添加逻辑】权限[C:\code_edd\201804\yiicms\common\helps\AuthE.php:91]
    in C:\code_edd\201804\yiicms\common\service\BaseService.php:22
    in C:\code_edd\201804\yiicms\backend\service\core\AuthService.php:58
    in C:\code_edd\201804\yiicms\backend\controllers\core\BaseController.php:38
2018-04-21 08:33:01 [127.0.0.1][-][-][info][application] $_GET = [
    'r' => 'core/role/add'
]

$_POST = [
    'AlphaRole' => [
        'name' => ''
        'remark' => ''
    ]
    'status' => '1'
]

$_FILES = []

$_COOKIE = [
    'UID' => '2423b7d61d8654e567a7de246a07376fd77e013be5b5ee9059e66925c7826ee8a:2:{i:0;s:3:\"UID\";i:1;s:5:\"eDLK6\";}'
]
2018-04-21 08:33:31 [127.0.0.1][-][-][warning][application] 无权操作【管理员编辑逻辑】权限[C:\code_edd\201804\yiicms\common\helps\AuthE.php:91]
    in C:\code_edd\201804\yiicms\common\service\BaseService.php:22
    in C:\code_edd\201804\yiicms\backend\service\core\AuthService.php:58
    in C:\code_edd\201804\yiicms\backend\controllers\core\BaseController.php:38
2018-04-21 08:33:30 [127.0.0.1][-][-][info][application] $_GET = [
    'r' => 'core/admin/edit'
    'id' => '1'
]

$_POST = []

$_FILES = []

$_COOKIE = [
    'UID' => 'b0cf79f9217564c0bdcce7e212ed527741ebd51d04b8d4bc104c18e484c7a3cca:2:{i:0;s:3:\"UID\";i:1;s:5:\"2mqSN\";}'
]
2018-04-21 08:33:52 [127.0.0.1][-][-][warning][application] 无权操作【角色删除逻辑】权限[C:\code_edd\201804\yiicms\common\helps\AuthE.php:91]
    in C:\code_edd\201804\yiicms\common\service\BaseService.php:22
    in C:\code_edd\201804\yiicms\backend\service\core\AuthService.php:58
    in C:\code_edd\201804\yiicms\backend\controllers\core\BaseController.php:38
2018-04-21 08:33:51 [127.0.0.1][-][-][info][application] $_GET = [
    'r' => 'core/role/del'
    'id' => '26'
]

$_POST = []

$_FILES = []

$_COOKIE = [
    'UID' => 'e7cf96006e29733ea986a03ae72fa1b11aa84cf189df8e40b40e64f35adb3479a:2:{i:0;s:3:\"UID\";i:1;s:5:\"7ckRS\";}'
]
2018-04-21 08:36:36 [127.0.0.1][-][-][warning][application] 无权操作【管理员编辑逻辑】权限[C:\code_edd\201804\yiicms\common\helps\AuthE.php:91]
    in C:\code_edd\201804\yiicms\common\service\BaseService.php:22
    in C:\code_edd\201804\yiicms\backend\service\core\AuthService.php:58
    in C:\code_edd\201804\yiicms\backend\controllers\core\BaseController.php:38
2018-04-21 08:36:35 [127.0.0.1][-][-][info][application] $_GET = [
    'r' => 'core/admin/edit'
    'id' => '1'
]

$_POST = []

$_FILES = []

$_COOKIE = [
    'UID' => '7800a89b93586a1d384de726c43fa78c79a4ef64e75c62c9189e664c7f971900a:2:{i:0;s:3:\"UID\";i:1;s:5:\"O=2Gm\";}'
]
2018-04-21 08:40:34 [127.0.0.1][-][-][error][yii\web\HttpException:404] yii\web\NotFoundHttpException: 页面未找到。 in C:\code_edd\201804\yiicms\vendor\yiisoft\yii2\web\Application.php:115
Stack trace:
#0 C:\code_edd\201804\yiicms\vendor\yiisoft\yii2\base\Application.php(386): yii\web\Application->handleRequest(Object(yii\web\Request))
#1 C:\code_edd\201804\yiicms\backend\web\index.php(18): yii\base\Application->run()
#2 {main}
2018-04-21 08:40:33 [127.0.0.1][-][-][info][application] $_GET = [
    'r' => 'core/imgs/index'
]

$_POST = []

$_FILES = []

$_COOKIE = [
    'UID' => '6d812e88f887ef71b449382134e02f09f8b2292ee80d6a2b987d92592688f245a:2:{i:0;s:3:\"UID\";i:1;s:5:\"hMI46\";}'
]
2018-04-21 08:44:30 [127.0.0.1][-][-][error][yii\web\HttpException:404] yii\web\NotFoundHttpException: 页面未找到。 in C:\code_edd\201804\yiicms\vendor\yiisoft\yii2\web\Application.php:115
Stack trace:
#0 C:\code_edd\201804\yiicms\vendor\yiisoft\yii2\base\Application.php(386): yii\web\Application->handleRequest(Object(yii\web\Request))
#1 C:\code_edd\201804\yiicms\backend\web\index.php(18): yii\base\Application->run()
#2 {main}
2018-04-21 08:44:29 [127.0.0.1][-][-][info][application] $_GET = [
    'r' => 'core/imgs/index'
]

$_POST = []

$_FILES = []

$_COOKIE = [
    'UID' => 'bba7d00a94b9db1ac58232e93a872b54d14a15a4f4d594e86aea24054f7108b5a:2:{i:0;s:3:\"UID\";i:1;s:5:\"pUTWW\";}'
]
2018-04-21 08:44:34 [127.0.0.1][-][-][error][yii\web\HttpException:404] yii\web\NotFoundHttpException: 页面未找到。 in C:\code_edd\201804\yiicms\vendor\yiisoft\yii2\web\Application.php:115
Stack trace:
#0 C:\code_edd\201804\yiicms\vendor\yiisoft\yii2\base\Application.php(386): yii\web\Application->handleRequest(Object(yii\web\Request))
#1 C:\code_edd\201804\yiicms\backend\web\index.php(18): yii\base\Application->run()
#2 {main}
2018-04-21 08:44:34 [127.0.0.1][-][-][info][application] $_GET = [
    'r' => 'test/index'
]

$_POST = []

$_FILES = []

$_COOKIE = [
    'UID' => '09a8fe53208d8ff132a800f2799d413823da82cd9455b6f8a553e6b95612f77fa:2:{i:0;s:3:\"UID\";i:1;s:5:\"uSF2j\";}'
]
2018-04-21 08:44:35 [127.0.0.1][-][-][error][yii\web\HttpException:404] yii\web\NotFoundHttpException: 页面未找到。 in C:\code_edd\201804\yiicms\vendor\yiisoft\yii2\web\Application.php:115
Stack trace:
#0 C:\code_edd\201804\yiicms\vendor\yiisoft\yii2\base\Application.php(386): yii\web\Application->handleRequest(Object(yii\web\Request))
#1 C:\code_edd\201804\yiicms\backend\web\index.php(18): yii\base\Application->run()
#2 {main}
2018-04-21 08:44:35 [127.0.0.1][-][-][info][application] $_GET = [
    'r' => 'test2/index'
]

$_POST = []

$_FILES = []

$_COOKIE = [
    'UID' => '09a8fe53208d8ff132a800f2799d413823da82cd9455b6f8a553e6b95612f77fa:2:{i:0;s:3:\"UID\";i:1;s:5:\"uSF2j\";}'
]
2018-04-21 08:44:49 [127.0.0.1][-][-][error][yii\web\HttpException:404] yii\web\NotFoundHttpException: 页面未找到。 in C:\code_edd\201804\yiicms\vendor\yiisoft\yii2\web\Application.php:115
Stack trace:
#0 C:\code_edd\201804\yiicms\vendor\yiisoft\yii2\base\Application.php(386): yii\web\Application->handleRequest(Object(yii\web\Request))
#1 C:\code_edd\201804\yiicms\backend\web\index.php(18): yii\base\Application->run()
#2 {main}
2018-04-21 08:44:49 [127.0.0.1][-][-][info][application] $_GET = [
    'r' => 'core/imgs/index'
]

$_POST = []

$_FILES = []

$_COOKIE = [
    'UID' => '6e77193584c8b3ca5979e26711f7633e4509895bab7bd522d540b44d3e9b6f67a:2:{i:0;s:3:\"UID\";i:1;s:5:\"IPWch\";}'
]
2018-04-21 08:46:26 [127.0.0.1][-][-][error][yii\web\HttpException:404] yii\web\NotFoundHttpException: 页面未找到。 in C:\code_edd\201804\yiicms\vendor\yiisoft\yii2\web\Application.php:115
Stack trace:
#0 C:\code_edd\201804\yiicms\vendor\yiisoft\yii2\base\Application.php(386): yii\web\Application->handleRequest(Object(yii\web\Request))
#1 C:\code_edd\201804\yiicms\backend\web\index.php(18): yii\base\Application->run()
#2 {main}
2018-04-21 08:46:26 [127.0.0.1][-][-][info][application] $_GET = [
    'r' => 'widget/index'
]

$_POST = []

$_FILES = []

$_COOKIE = [
    'UID' => '6b5f3a5915dc04aa09e5a705d4159a8b27a9b43b4a653d34a7f61fcee3311617a:2:{i:0;s:3:\"UID\";i:1;s:5:\"LVfyv\";}'
]
2018-04-21 09:06:28 [127.0.0.1][-][-][error][yii\web\HttpException:404] yii\web\NotFoundHttpException: 页面未找到。 in C:\code_edd\201804\yiicms\vendor\yiisoft\yii2\web\Application.php:115
Stack trace:
#0 C:\code_edd\201804\yiicms\vendor\yiisoft\yii2\base\Application.php(386): yii\web\Application->handleRequest(Object(yii\web\Request))
#1 C:\code_edd\201804\yiicms\backend\web\index.php(18): yii\base\Application->run()
#2 {main}
2018-04-21 09:06:28 [127.0.0.1][-][-][info][application] $_GET = [
    'r' => 'core/imgs/index'
]

$_POST = []

$_FILES = []

$_COOKIE = [
    'UID' => '5a2c8adc4d96ef57ccab01c1b91dd0d528f148b19a59e52823df4dd1d368d762a:2:{i:0;s:3:\"UID\";i:1;s:5:\"QhgmF\";}'
]
2018-04-21 09:10:27 [127.0.0.1][-][-][error][yii\web\HttpException:404] yii\web\NotFoundHttpException: 页面未找到。 in C:\code_edd\201804\yiicms\vendor\yiisoft\yii2\web\Application.php:115
Stack trace:
#0 C:\code_edd\201804\yiicms\vendor\yiisoft\yii2\base\Application.php(386): yii\web\Application->handleRequest(Object(yii\web\Request))
#1 C:\code_edd\201804\yiicms\backend\web\index.php(18): yii\base\Application->run()
#2 {main}
2018-04-21 09:10:27 [127.0.0.1][-][-][info][application] $_GET = [
    'r' => 'core/imgs/index'
]

$_POST = []

$_FILES = []

$_COOKIE = [
    'UID' => '07f5a4ea8ea971388f9a9529666b9f521255dc32bc5055847150c3d0d7892bf7a:2:{i:0;s:3:\"UID\";i:1;s:5:\"5viWV\";}'
]
2018-04-21 11:55:04 [127.0.0.1][-][-][warning][application] filesize(): stat failed for http://qaqgame-1256160854.cos.ap-shanghai.myqcloud.com/avatar1524311702.png[C:\code_edd\201804\yiicms\backend\service\core\UploadService.php:50]
    in C:\code_edd\201804\yiicms\common\service\BaseService.php:22
    in C:\code_edd\201804\yiicms\backend\service\core\UploadService.php:41
    in C:\code_edd\201804\yiicms\backend\controllers\core\UploadController.php:31
2018-04-21 11:55:01 [127.0.0.1][-][-][info][application] $_GET = [
    'r' => 'core/upload/upload-single'
]

$_POST = [
    'path' => 'avatar'
    'fileuploader-list-files' => '[\"0:/logo.png\"]'
    'files' => ''
]

$_FILES = [
    'files' => [
        'name' => 'logo.png'
        'type' => 'image/png'
        'tmp_name' => 'C:\\Windows\\php4F26.tmp'
        'error' => 0
        'size' => 2407
    ]
]

$_COOKIE = [
    '_csrf-backend' => '81f8bd9697ba05b6b062398e3bd5a2c9326d861bddb19b282b040e5f73b4c129a:2:{i:0;s:13:\"_csrf-backend\";i:1;s:32:\"0DxBaXPT-ZW9cWNk9wF_WF-OTPILNi_R\";}'
    'UID' => '8d08df1545899d339735bc0b962659c334254905cf0821e8c055a909d1d3e820a:2:{i:0;s:3:\"UID\";i:1;s:5:\"TdmCs\";}'
]
2018-04-21 11:56:15 [127.0.0.1][-][-][warning][application] filesize(): stat failed for http://qaqgame-1256160854.cos.ap-shanghai.myqcloud.com/avatar1524311702.png[C:\code_edd\201804\yiicms\backend\service\core\UploadService.php:50]
    in C:\code_edd\201804\yiicms\common\service\BaseService.php:22
    in C:\code_edd\201804\yiicms\backend\service\core\UploadService.php:41
    in C:\code_edd\201804\yiicms\backend\controllers\core\UploadController.php:31
2018-04-21 11:56:14 [127.0.0.1][-][-][info][application] $_GET = [
    'r' => 'core/upload/upload-single'
]

$_POST = [
    'path' => 'avatar'
    'fileuploader-list-files' => '[\"0:/logo.png\"]'
    'files' => ''
]

$_FILES = [
    'files' => [
        'name' => 'logo.png'
        'type' => 'image/png'
        'tmp_name' => 'C:\\Windows\\php6B26.tmp'
        'error' => 0
        'size' => 2407
    ]
]

$_COOKIE = [
    '_csrf-backend' => '81f8bd9697ba05b6b062398e3bd5a2c9326d861bddb19b282b040e5f73b4c129a:2:{i:0;s:13:\"_csrf-backend\";i:1;s:32:\"0DxBaXPT-ZW9cWNk9wF_WF-OTPILNi_R\";}'
    'UID' => '5d3195046c8a1cb1b0a391645489a498fe4de83c88f8d6918e2764c963696741a:2:{i:0;s:3:\"UID\";i:1;s:5:\"qNWW1\";}'
]
2018-04-21 11:56:19 [127.0.0.1][-][-][warning][application] filesize(): stat failed for http://qaqgame-1256160854.cos.ap-shanghai.myqcloud.com/avatar1524311702.png[C:\code_edd\201804\yiicms\backend\service\core\UploadService.php:50]
    in C:\code_edd\201804\yiicms\common\service\BaseService.php:22
    in C:\code_edd\201804\yiicms\backend\service\core\UploadService.php:41
    in C:\code_edd\201804\yiicms\backend\controllers\core\UploadController.php:31
2018-04-21 11:56:18 [127.0.0.1][-][-][info][application] $_GET = [
    'r' => 'core/upload/upload-single'
]

$_POST = [
    'path' => 'avatar'
    'fileuploader-list-files' => '[\"0:/logo.png\"]'
    'files' => ''
]

$_FILES = [
    'files' => [
        'name' => 'logo.png'
        'type' => 'image/png'
        'tmp_name' => 'C:\\Windows\\php7C5E.tmp'
        'error' => 0
        'size' => 2407
    ]
]

$_COOKIE = [
    '_csrf-backend' => '81f8bd9697ba05b6b062398e3bd5a2c9326d861bddb19b282b040e5f73b4c129a:2:{i:0;s:13:\"_csrf-backend\";i:1;s:32:\"0DxBaXPT-ZW9cWNk9wF_WF-OTPILNi_R\";}'
    'UID' => '36c23d5713f36475f97e78f900f8bc60a3763e57a09948c6bcfa2e7e534bf8b9a:2:{i:0;s:3:\"UID\";i:1;s:5:\"DKavc\";}'
]
2018-04-21 11:56:31 [127.0.0.1][-][-][error][yii\base\ErrorException:2] yii\base\ErrorException: filesize(): stat failed for http://qaqgame-1256160854.cos.ap-shanghai.myqcloud.com/avatar1524311702.png in C:\code_edd\201804\yiicms\backend\service\core\UploadService.php:26
Stack trace:
#0 [internal function]: yii\base\ErrorHandler->handleError(2, 'filesize(): sta...', 'C:\\code_edd\\201...', 26, Array)
#1 C:\code_edd\201804\yiicms\backend\service\core\UploadService.php(26): filesize('http://qaqgame-...')
#2 C:\code_edd\201804\yiicms\backend\controllers\core\UploadController.php(31): backend\service\core\UploadService::tencentCos(Array, Array)
#3 [internal function]: backend\controllers\core\UploadController->actionUploadSingle()
#4 C:\code_edd\201804\yiicms\vendor\yiisoft\yii2\base\InlineAction.php(57): call_user_func_array(Array, Array)
#5 C:\code_edd\201804\yiicms\vendor\yiisoft\yii2\base\Controller.php(157): yii\base\InlineAction->runWithParams(Array)
#6 C:\code_edd\201804\yiicms\vendor\yiisoft\yii2\base\Module.php(528): yii\base\Controller->runAction('upload-single', Array)
#7 C:\code_edd\201804\yiicms\vendor\yiisoft\yii2\web\Application.php(103): yii\base\Module->runAction('core/upload/upl...', Array)
#8 C:\code_edd\201804\yiicms\vendor\yiisoft\yii2\base\Application.php(386): yii\web\Application->handleRequest(Object(yii\web\Request))
#9 C:\code_edd\201804\yiicms\backend\web\index.php(18): yii\base\Application->run()
#10 {main}
2018-04-21 11:56:30 [127.0.0.1][-][-][info][application] $_GET = [
    'r' => 'core/upload/upload-single'
]

$_POST = [
    'path' => 'avatar'
    'fileuploader-list-files' => '[\"0:/logo.png\"]'
    'files' => ''
]

$_FILES = [
    'files' => [
        'name' => 'logo.png'
        'type' => 'image/png'
        'tmp_name' => 'C:\\Windows\\phpAA06.tmp'
        'error' => 0
        'size' => 2407
    ]
]

$_COOKIE = [
    '_csrf-backend' => '81f8bd9697ba05b6b062398e3bd5a2c9326d861bddb19b282b040e5f73b4c129a:2:{i:0;s:13:\"_csrf-backend\";i:1;s:32:\"0DxBaXPT-ZW9cWNk9wF_WF-OTPILNi_R\";}'
    'UID' => '21f1f1415b5c6a1962e6a0f3d6ef99c149b65ce3fc1cda06846dc606936488b4a:2:{i:0;s:3:\"UID\";i:1;s:5:\"W8aOr\";}'
]
2018-04-21 12:10:15 [127.0.0.1][-][-][warning][application] Undefined index: files[C:\code_edd\201804\yiicms\backend\service\core\UploadService.php:30]
    in C:\code_edd\201804\yiicms\common\service\BaseService.php:22
    in C:\code_edd\201804\yiicms\backend\service\core\UploadService.php:42
    in C:\code_edd\201804\yiicms\backend\controllers\core\UploadController.php:31
2018-04-21 12:10:14 [127.0.0.1][-][-][info][application] $_GET = [
    'r' => 'core/upload/upload-single'
]

$_POST = [
    'path' => 'avatar'
    'fileuploader-list-files' => ''
    'files' => ''
]

$_FILES = []

$_COOKIE = [
    '_csrf-backend' => '81f8bd9697ba05b6b062398e3bd5a2c9326d861bddb19b282b040e5f73b4c129a:2:{i:0;s:13:\"_csrf-backend\";i:1;s:32:\"0DxBaXPT-ZW9cWNk9wF_WF-OTPILNi_R\";}'
    'UID' => 'fc8609fa179e97dfa94cc0346f9bc37d48611e089d9ed0d99be02495122edf6fa:2:{i:0;s:3:\"UID\";i:1;s:5:\"KbYBh\";}'
]
2018-04-21 12:20:59 [127.0.0.1][-][-][warning][application] Undefined index: size[C:\code_edd\201804\yiicms\backend\service\core\UploadService.php:31]
    in C:\code_edd\201804\yiicms\common\service\BaseService.php:22
    in C:\code_edd\201804\yiicms\backend\service\core\UploadService.php:42
    in C:\code_edd\201804\yiicms\backend\controllers\core\UploadController.php:31
2018-04-21 12:20:58 [127.0.0.1][-][-][info][application] $_GET = [
    'r' => 'core/upload/upload-single'
]

$_POST = [
    'path' => 'avatar'
    'fileuploader-list-files' => '[\"0:/logo.png\"]'
    'files' => ''
]

$_FILES = [
    'files' => [
        'name' => 'logo.png'
        'type' => 'image/png'
        'tmp_name' => 'C:\\Windows\\php1327.tmp'
        'error' => 0
        'size' => 2407
    ]
]

$_COOKIE = [
    '_csrf-backend' => '81f8bd9697ba05b6b062398e3bd5a2c9326d861bddb19b282b040e5f73b4c129a:2:{i:0;s:13:\"_csrf-backend\";i:1;s:32:\"0DxBaXPT-ZW9cWNk9wF_WF-OTPILNi_R\";}'
    'UID' => 'c2e578631f79dfc913c41b757d930549faab347496327bd14eb368008f71c1fea:2:{i:0;s:3:\"UID\";i:1;s:5:\"luy=V\";}'
]
2018-04-21 12:21:08 [127.0.0.1][-][-][warning][application] Undefined index: size[C:\code_edd\201804\yiicms\backend\service\core\UploadService.php:31]
    in C:\code_edd\201804\yiicms\common\service\BaseService.php:22
    in C:\code_edd\201804\yiicms\backend\service\core\UploadService.php:42
    in C:\code_edd\201804\yiicms\backend\controllers\core\UploadController.php:31
2018-04-21 12:21:07 [127.0.0.1][-][-][info][application] $_GET = [
    'r' => 'core/upload/upload-single'
]

$_POST = [
    'path' => 'avatar'
    'fileuploader-list-files' => '[\"0:/logo.png\"]'
    'files' => ''
]

$_FILES = [
    'files' => [
        'name' => 'logo.png'
        'type' => 'image/png'
        'tmp_name' => 'C:\\Windows\\php3621.tmp'
        'error' => 0
        'size' => 2407
    ]
]

$_COOKIE = [
    '_csrf-backend' => '81f8bd9697ba05b6b062398e3bd5a2c9326d861bddb19b282b040e5f73b4c129a:2:{i:0;s:13:\"_csrf-backend\";i:1;s:32:\"0DxBaXPT-ZW9cWNk9wF_WF-OTPILNi_R\";}'
    'UID' => '6608f802957cc8c1c7aae241f99d5eec8b3b296ad3bba54d71291432ced676e0a:2:{i:0;s:3:\"UID\";i:1;s:5:\"yZ54h\";}'
]
2018-04-21 12:21:55 [127.0.0.1][-][-][warning][application] Undefined index: size[C:\code_edd\201804\yiicms\backend\service\core\UploadService.php:31]
    in C:\code_edd\201804\yiicms\common\service\BaseService.php:22
    in C:\code_edd\201804\yiicms\backend\service\core\UploadService.php:44
    in C:\code_edd\201804\yiicms\backend\controllers\core\UploadController.php:31
2018-04-21 12:21:54 [127.0.0.1][-][-][info][application] $_GET = [
    'r' => 'core/upload/upload-single'
]

$_POST = [
    'path' => 'avatar'
    'fileuploader-list-files' => '[\"0:/logo.png\"]'
    'files' => ''
]

$_FILES = [
    'files' => [
        'name' => 'logo.png'
        'type' => 'image/png'
        'tmp_name' => 'C:\\Windows\\phpED8C.tmp'
        'error' => 0
        'size' => 2407
    ]
]

$_COOKIE = [
    '_csrf-backend' => '81f8bd9697ba05b6b062398e3bd5a2c9326d861bddb19b282b040e5f73b4c129a:2:{i:0;s:13:\"_csrf-backend\";i:1;s:32:\"0DxBaXPT-ZW9cWNk9wF_WF-OTPILNi_R\";}'
    'UID' => '3fed71dff1f253aeb1e55dc2d02be589b52a8e2628baebb2e4b2465783c52e7ca:2:{i:0;s:3:\"UID\";i:1;s:5:\"19vLz\";}'
]
2018-04-21 12:22:15 [127.0.0.1][-][-][warning][application] Upload Date必须是一条字符串。[C:\code_edd\201804\yiicms\backend\service\core\UploadService.php:59]
    in C:\code_edd\201804\yiicms\common\service\BaseService.php:22
    in C:\code_edd\201804\yiicms\backend\service\core\UploadService.php:43
    in C:\code_edd\201804\yiicms\backend\controllers\core\UploadController.php:31
2018-04-21 12:22:14 [127.0.0.1][-][-][info][application] $_GET = [
    'r' => 'core/upload/upload-single'
]

$_POST = [
    'path' => 'avatar'
    'fileuploader-list-files' => '[\"0:/logo.png\"]'
    'files' => ''
]

$_FILES = [
    'files' => [
        'name' => 'logo.png'
        'type' => 'image/png'
        'tmp_name' => 'C:\\Windows\\php3A3D.tmp'
        'error' => 0
        'size' => 2407
    ]
]

$_COOKIE = [
    '_csrf-backend' => '81f8bd9697ba05b6b062398e3bd5a2c9326d861bddb19b282b040e5f73b4c129a:2:{i:0;s:13:\"_csrf-backend\";i:1;s:32:\"0DxBaXPT-ZW9cWNk9wF_WF-OTPILNi_R\";}'
    'UID' => 'fd9fe99dd6254ea225f19690b26757a069b779590157a4e0721a4755fdeb8d89a:2:{i:0;s:3:\"UID\";i:1;s:5:\"xE68j\";}'
]
2018-04-21 12:23:14 [127.0.0.1][-][-][warning][application] Setting unknown property: app\models\AlphaImgs::img_size[C:\code_edd\201804\yiicms\vendor\yiisoft\yii2\base\Component.php:209]
    in C:\code_edd\201804\yiicms\common\service\BaseService.php:22
    in C:\code_edd\201804\yiicms\backend\service\core\UploadService.php:43
    in C:\code_edd\201804\yiicms\backend\controllers\core\UploadController.php:31
2018-04-21 12:23:12 [127.0.0.1][-][-][info][application] $_GET = [
    'r' => 'core/upload/upload-single'
]

$_POST = [
    'path' => 'avatar'
    'fileuploader-list-files' => '[\"0:/logo.png\"]'
    'files' => ''
]

$_FILES = [
    'files' => [
        'name' => 'logo.png'
        'type' => 'image/png'
        'tmp_name' => 'C:\\Windows\\php1EB3.tmp'
        'error' => 0
        'size' => 2407
    ]
]

$_COOKIE = [
    '_csrf-backend' => '81f8bd9697ba05b6b062398e3bd5a2c9326d861bddb19b282b040e5f73b4c129a:2:{i:0;s:13:\"_csrf-backend\";i:1;s:32:\"0DxBaXPT-ZW9cWNk9wF_WF-OTPILNi_R\";}'
    'UID' => '1a73659a003f9b8aa49b4eddb1219815efe63eff0deec79e497c7d9d00c5ae2ea:2:{i:0;s:3:\"UID\";i:1;s:5:\"frI35\";}'
]
2018-04-21 12:23:22 [127.0.0.1][-][-][warning][application] Setting unknown property: app\models\AlphaImgs::img_size[C:\code_edd\201804\yiicms\vendor\yiisoft\yii2\base\Component.php:209]
    in C:\code_edd\201804\yiicms\common\service\BaseService.php:22
    in C:\code_edd\201804\yiicms\backend\service\core\UploadService.php:43
    in C:\code_edd\201804\yiicms\backend\controllers\core\UploadController.php:31
2018-04-21 12:23:21 [127.0.0.1][-][-][info][application] $_GET = [
    'r' => 'core/upload/upload-single'
]

$_POST = [
    'path' => 'avatar'
    'fileuploader-list-files' => '[\"0:/logo.png\"]'
    'files' => ''
]

$_FILES = [
    'files' => [
        'name' => 'logo.png'
        'type' => 'image/png'
        'tmp_name' => 'C:\\Windows\\php3F8A.tmp'
        'error' => 0
        'size' => 2407
    ]
]

$_COOKIE = [
    '_csrf-backend' => '81f8bd9697ba05b6b062398e3bd5a2c9326d861bddb19b282b040e5f73b4c129a:2:{i:0;s:13:\"_csrf-backend\";i:1;s:32:\"0DxBaXPT-ZW9cWNk9wF_WF-OTPILNi_R\";}'
    'UID' => '23c76efd5175b3ef1345ec546990661447e45a7f6c84ded66b8b3032ca1d1230a:2:{i:0;s:3:\"UID\";i:1;s:5:\"6ykYD\";}'
]
2018-04-21 12:23:42 [127.0.0.1][-][-][warning][application] Setting unknown property: app\models\AlphaImgs::img_size[C:\code_edd\201804\yiicms\vendor\yiisoft\yii2\base\Component.php:209]
    in C:\code_edd\201804\yiicms\common\service\BaseService.php:22
    in C:\code_edd\201804\yiicms\backend\service\core\UploadService.php:43
    in C:\code_edd\201804\yiicms\backend\controllers\core\UploadController.php:31
2018-04-21 12:23:41 [127.0.0.1][-][-][info][application] $_GET = [
    'r' => 'core/upload/upload-single'
]

$_POST = [
    'path' => 'avatar'
    'fileuploader-list-files' => '[\"0:/logo.png\"]'
    'files' => ''
]

$_FILES = [
    'files' => [
        'name' => 'logo.png'
        'type' => 'image/png'
        'tmp_name' => 'C:\\Windows\\php8C63.tmp'
        'error' => 0
        'size' => 2407
    ]
]

$_COOKIE = [
    '_csrf-backend' => '81f8bd9697ba05b6b062398e3bd5a2c9326d861bddb19b282b040e5f73b4c129a:2:{i:0;s:13:\"_csrf-backend\";i:1;s:32:\"0DxBaXPT-ZW9cWNk9wF_WF-OTPILNi_R\";}'
    'UID' => 'c0913e704a84f22c1a4f0100850eea8fb29db9bc6e6a8fe896fb93fa8c289cb9a:2:{i:0;s:3:\"UID\";i:1;s:5:\"cCn41\";}'
]
2018-04-21 12:27:39 [127.0.0.1][-][-][warning][application] Undefined index: path[C:\code_edd\201804\yiicms\backend\service\core\UploadService.php:29]
    in C:\code_edd\201804\yiicms\common\service\BaseService.php:22
    in C:\code_edd\201804\yiicms\backend\service\core\UploadService.php:43
    in C:\code_edd\201804\yiicms\backend\controllers\core\UploadController.php:31
2018-04-21 12:27:38 [127.0.0.1][-][-][info][application] $_GET = [
    'r' => 'core/upload/upload-single'
]

$_POST = []

$_FILES = []

$_COOKIE = [
    '_csrf-backend' => '81f8bd9697ba05b6b062398e3bd5a2c9326d861bddb19b282b040e5f73b4c129a:2:{i:0;s:13:\"_csrf-backend\";i:1;s:32:\"0DxBaXPT-ZW9cWNk9wF_WF-OTPILNi_R\";}'
    'UID' => '9a71b7605d62470c3ba12ddc5da377b2b69724af37ffabfe9cb85b95d71c59bba:2:{i:0;s:3:\"UID\";i:1;s:5:\"oOUgV\";}'
]
2018-04-21 12:27:50 [127.0.0.1][-][-][warning][application] Undefined index: path[C:\code_edd\201804\yiicms\backend\service\core\UploadService.php:29]
    in C:\code_edd\201804\yiicms\common\service\BaseService.php:22
    in C:\code_edd\201804\yiicms\backend\service\core\UploadService.php:43
    in C:\code_edd\201804\yiicms\backend\controllers\core\UploadController.php:31
2018-04-21 12:27:49 [127.0.0.1][-][-][info][application] $_GET = [
    'r' => 'core/upload/upload-single'
]

$_POST = []

$_FILES = []

$_COOKIE = [
    '_csrf-backend' => '81f8bd9697ba05b6b062398e3bd5a2c9326d861bddb19b282b040e5f73b4c129a:2:{i:0;s:13:\"_csrf-backend\";i:1;s:32:\"0DxBaXPT-ZW9cWNk9wF_WF-OTPILNi_R\";}'
    'UID' => '04b393ad4ff56c790b554b4c293b26f3c31a04d29f7b947ad8a1b9353288ff13a:2:{i:0;s:3:\"UID\";i:1;s:5:\"vY4m6\";}'
]
