2018-06-06 17:51:54 [127.0.0.1][-][-][error][yii\web\HttpException:404] yii\base\InvalidRouteException: Unable to resolve the request "upload/admin/common/logo.png". in D:\project\yiiCMS\vendor\yiisoft\yii2\base\Module.php:537
Stack trace:
#0 D:\project\yiiCMS\vendor\yiisoft\yii2\web\Application.php(103): yii\base\Module->runAction('upload/admin/co...', Array)
#1 D:\project\yiiCMS\vendor\yiisoft\yii2\base\Application.php(386): yii\web\Application->handleRequest(Object(yii\web\Request))
#2 D:\project\yiiCMS\backend\web\index.php(18): yii\base\Application->run()
#3 {main}

Next yii\web\NotFoundHttpException: 页面未找到。 in D:\project\yiiCMS\vendor\yiisoft\yii2\web\Application.php:115
Stack trace:
#0 D:\project\yiiCMS\vendor\yiisoft\yii2\base\Application.php(386): yii\web\Application->handleRequest(Object(yii\web\Request))
#1 D:\project\yiiCMS\backend\web\index.php(18): yii\base\Application->run()
#2 {main}
2018-06-06 17:51:54 [127.0.0.1][-][-][info][application] $_GET = []

$_POST = []

$_FILES = []

$_COOKIE = [
    'UID' => 'd16e8a3d75664288f92e08e3bfd65e64530e857c1cc920c0872bcc866f73568da:2:{i:0;s:3:\"UID\";i:1;s:5:\"O=2Gm\";}'
]
2018-06-08 17:56:49 [127.0.0.1][-][-][error][yii\db\Exception] yii\db\Exception: SQLSTATE[HY000] [1049] Unknown database 'yii2cms' in D:\project\yiiCMS\vendor\yiisoft\yii2\db\Connection.php:624
Stack trace:
#0 D:\project\yiiCMS\vendor\yiisoft\yii2\db\Connection.php(996): yii\db\Connection->open()
#1 D:\project\yiiCMS\vendor\yiisoft\yii2\db\Connection.php(983): yii\db\Connection->getMasterPdo()
#2 D:\project\yiiCMS\vendor\yiisoft\yii2\db\Command.php(253): yii\db\Connection->getSlavePdo()
#3 D:\project\yiiCMS\vendor\yiisoft\yii2\db\Command.php(1143): yii\db\Command->prepare(true)
#4 D:\project\yiiCMS\vendor\yiisoft\yii2\db\Command.php(399): yii\db\Command->queryInternal('fetchAll', NULL)
#5 D:\project\yiiCMS\vendor\yiisoft\yii2\db\Query.php(237): yii\db\Command->queryAll()
#6 D:\project\yiiCMS\vendor\yiisoft\yii2\db\ActiveQuery.php(133): yii\db\Query->all(NULL)
#7 D:\project\yiiCMS\backend\controllers\TestController.php(17): yii\db\ActiveQuery->all()
#8 D:\project\yiiCMS\vendor\yiisoft\yii2\base\Controller.php(155): backend\controllers\TestController->beforeAction(Object(yii\base\InlineAction))
#9 D:\project\yiiCMS\vendor\yiisoft\yii2\base\Module.php(528): yii\base\Controller->runAction('index', Array)
#10 D:\project\yiiCMS\vendor\yiisoft\yii2\web\Application.php(103): yii\base\Module->runAction('test/index', Array)
#11 D:\project\yiiCMS\vendor\yiisoft\yii2\base\Application.php(386): yii\web\Application->handleRequest(Object(yii\web\Request))
#12 D:\project\yiiCMS\backend\web\index.php(18): yii\base\Application->run()
#13 {main}
Additional Information:

2018-06-08 17:56:48 [127.0.0.1][-][-][info][application] $_GET = []

$_POST = []

$_FILES = []

$_COOKIE = []
2018-06-08 17:56:51 [127.0.0.1][-][-][error][yii\db\Exception] yii\db\Exception: SQLSTATE[HY000] [1049] Unknown database 'yii2cms' in D:\project\yiiCMS\vendor\yiisoft\yii2\db\Connection.php:624
Stack trace:
#0 D:\project\yiiCMS\vendor\yiisoft\yii2\db\Connection.php(996): yii\db\Connection->open()
#1 D:\project\yiiCMS\vendor\yiisoft\yii2\db\Connection.php(983): yii\db\Connection->getMasterPdo()
#2 D:\project\yiiCMS\vendor\yiisoft\yii2\db\Command.php(253): yii\db\Connection->getSlavePdo()
#3 D:\project\yiiCMS\vendor\yiisoft\yii2\db\Command.php(1143): yii\db\Command->prepare(true)
#4 D:\project\yiiCMS\vendor\yiisoft\yii2\db\Command.php(399): yii\db\Command->queryInternal('fetchAll', NULL)
#5 D:\project\yiiCMS\vendor\yiisoft\yii2\db\Query.php(237): yii\db\Command->queryAll()
#6 D:\project\yiiCMS\vendor\yiisoft\yii2\db\ActiveQuery.php(133): yii\db\Query->all(NULL)
#7 D:\project\yiiCMS\backend\controllers\TestController.php(17): yii\db\ActiveQuery->all()
#8 D:\project\yiiCMS\vendor\yiisoft\yii2\base\Controller.php(155): backend\controllers\TestController->beforeAction(Object(yii\base\InlineAction))
#9 D:\project\yiiCMS\vendor\yiisoft\yii2\base\Module.php(528): yii\base\Controller->runAction('index', Array)
#10 D:\project\yiiCMS\vendor\yiisoft\yii2\web\Application.php(103): yii\base\Module->runAction('test/index', Array)
#11 D:\project\yiiCMS\vendor\yiisoft\yii2\base\Application.php(386): yii\web\Application->handleRequest(Object(yii\web\Request))
#12 D:\project\yiiCMS\backend\web\index.php(18): yii\base\Application->run()
#13 {main}
Additional Information:

2018-06-08 17:56:50 [127.0.0.1][-][-][info][application] $_GET = []

$_POST = []

$_FILES = []

$_COOKIE = []
2018-06-08 17:56:51 [127.0.0.1][-][-][error][yii\db\Exception] yii\db\Exception: SQLSTATE[HY000] [1049] Unknown database 'yii2cms' in D:\project\yiiCMS\vendor\yiisoft\yii2\db\Connection.php:624
Stack trace:
#0 D:\project\yiiCMS\vendor\yiisoft\yii2\db\Connection.php(996): yii\db\Connection->open()
#1 D:\project\yiiCMS\vendor\yiisoft\yii2\db\Connection.php(983): yii\db\Connection->getMasterPdo()
#2 D:\project\yiiCMS\vendor\yiisoft\yii2\db\Command.php(253): yii\db\Connection->getSlavePdo()
#3 D:\project\yiiCMS\vendor\yiisoft\yii2\db\Command.php(1143): yii\db\Command->prepare(true)
#4 D:\project\yiiCMS\vendor\yiisoft\yii2\db\Command.php(399): yii\db\Command->queryInternal('fetchAll', NULL)
#5 D:\project\yiiCMS\vendor\yiisoft\yii2\db\Query.php(237): yii\db\Command->queryAll()
#6 D:\project\yiiCMS\vendor\yiisoft\yii2\db\ActiveQuery.php(133): yii\db\Query->all(NULL)
#7 D:\project\yiiCMS\backend\controllers\TestController.php(17): yii\db\ActiveQuery->all()
#8 D:\project\yiiCMS\vendor\yiisoft\yii2\base\Controller.php(155): backend\controllers\TestController->beforeAction(Object(yii\base\InlineAction))
#9 D:\project\yiiCMS\vendor\yiisoft\yii2\base\Module.php(528): yii\base\Controller->runAction('index', Array)
#10 D:\project\yiiCMS\vendor\yiisoft\yii2\web\Application.php(103): yii\base\Module->runAction('test/index', Array)
#11 D:\project\yiiCMS\vendor\yiisoft\yii2\base\Application.php(386): yii\web\Application->handleRequest(Object(yii\web\Request))
#12 D:\project\yiiCMS\backend\web\index.php(18): yii\base\Application->run()
#13 {main}
Additional Information:

2018-06-08 17:56:50 [127.0.0.1][-][-][info][application] $_GET = []

$_POST = []

$_FILES = []

$_COOKIE = []
2018-06-08 17:56:52 [127.0.0.1][-][-][error][yii\db\Exception] yii\db\Exception: SQLSTATE[HY000] [1049] Unknown database 'yii2cms' in D:\project\yiiCMS\vendor\yiisoft\yii2\db\Connection.php:624
Stack trace:
#0 D:\project\yiiCMS\vendor\yiisoft\yii2\db\Connection.php(996): yii\db\Connection->open()
#1 D:\project\yiiCMS\vendor\yiisoft\yii2\db\Connection.php(983): yii\db\Connection->getMasterPdo()
#2 D:\project\yiiCMS\vendor\yiisoft\yii2\db\Command.php(253): yii\db\Connection->getSlavePdo()
#3 D:\project\yiiCMS\vendor\yiisoft\yii2\db\Command.php(1143): yii\db\Command->prepare(true)
#4 D:\project\yiiCMS\vendor\yiisoft\yii2\db\Command.php(399): yii\db\Command->queryInternal('fetchAll', NULL)
#5 D:\project\yiiCMS\vendor\yiisoft\yii2\db\Query.php(237): yii\db\Command->queryAll()
#6 D:\project\yiiCMS\vendor\yiisoft\yii2\db\ActiveQuery.php(133): yii\db\Query->all(NULL)
#7 D:\project\yiiCMS\backend\controllers\TestController.php(17): yii\db\ActiveQuery->all()
#8 D:\project\yiiCMS\vendor\yiisoft\yii2\base\Controller.php(155): backend\controllers\TestController->beforeAction(Object(yii\base\InlineAction))
#9 D:\project\yiiCMS\vendor\yiisoft\yii2\base\Module.php(528): yii\base\Controller->runAction('index', Array)
#10 D:\project\yiiCMS\vendor\yiisoft\yii2\web\Application.php(103): yii\base\Module->runAction('test/index', Array)
#11 D:\project\yiiCMS\vendor\yiisoft\yii2\base\Application.php(386): yii\web\Application->handleRequest(Object(yii\web\Request))
#12 D:\project\yiiCMS\backend\web\index.php(18): yii\base\Application->run()
#13 {main}
Additional Information:

2018-06-08 17:56:51 [127.0.0.1][-][-][info][application] $_GET = []

$_POST = []

$_FILES = []

$_COOKIE = []
2018-06-08 17:56:52 [127.0.0.1][-][-][error][yii\db\Exception] yii\db\Exception: SQLSTATE[HY000] [1049] Unknown database 'yii2cms' in D:\project\yiiCMS\vendor\yiisoft\yii2\db\Connection.php:624
Stack trace:
#0 D:\project\yiiCMS\vendor\yiisoft\yii2\db\Connection.php(996): yii\db\Connection->open()
#1 D:\project\yiiCMS\vendor\yiisoft\yii2\db\Connection.php(983): yii\db\Connection->getMasterPdo()
#2 D:\project\yiiCMS\vendor\yiisoft\yii2\db\Command.php(253): yii\db\Connection->getSlavePdo()
#3 D:\project\yiiCMS\vendor\yiisoft\yii2\db\Command.php(1143): yii\db\Command->prepare(true)
#4 D:\project\yiiCMS\vendor\yiisoft\yii2\db\Command.php(399): yii\db\Command->queryInternal('fetchAll', NULL)
#5 D:\project\yiiCMS\vendor\yiisoft\yii2\db\Query.php(237): yii\db\Command->queryAll()
#6 D:\project\yiiCMS\vendor\yiisoft\yii2\db\ActiveQuery.php(133): yii\db\Query->all(NULL)
#7 D:\project\yiiCMS\backend\controllers\TestController.php(17): yii\db\ActiveQuery->all()
#8 D:\project\yiiCMS\vendor\yiisoft\yii2\base\Controller.php(155): backend\controllers\TestController->beforeAction(Object(yii\base\InlineAction))
#9 D:\project\yiiCMS\vendor\yiisoft\yii2\base\Module.php(528): yii\base\Controller->runAction('index', Array)
#10 D:\project\yiiCMS\vendor\yiisoft\yii2\web\Application.php(103): yii\base\Module->runAction('test/index', Array)
#11 D:\project\yiiCMS\vendor\yiisoft\yii2\base\Application.php(386): yii\web\Application->handleRequest(Object(yii\web\Request))
#12 D:\project\yiiCMS\backend\web\index.php(18): yii\base\Application->run()
#13 {main}
Additional Information:

2018-06-08 17:56:51 [127.0.0.1][-][-][info][application] $_GET = []

$_POST = []

$_FILES = []

$_COOKIE = []
2018-06-08 17:56:52 [127.0.0.1][-][-][error][yii\db\Exception] yii\db\Exception: SQLSTATE[HY000] [1049] Unknown database 'yii2cms' in D:\project\yiiCMS\vendor\yiisoft\yii2\db\Connection.php:624
Stack trace:
#0 D:\project\yiiCMS\vendor\yiisoft\yii2\db\Connection.php(996): yii\db\Connection->open()
#1 D:\project\yiiCMS\vendor\yiisoft\yii2\db\Connection.php(983): yii\db\Connection->getMasterPdo()
#2 D:\project\yiiCMS\vendor\yiisoft\yii2\db\Command.php(253): yii\db\Connection->getSlavePdo()
#3 D:\project\yiiCMS\vendor\yiisoft\yii2\db\Command.php(1143): yii\db\Command->prepare(true)
#4 D:\project\yiiCMS\vendor\yiisoft\yii2\db\Command.php(399): yii\db\Command->queryInternal('fetchAll', NULL)
#5 D:\project\yiiCMS\vendor\yiisoft\yii2\db\Query.php(237): yii\db\Command->queryAll()
#6 D:\project\yiiCMS\vendor\yiisoft\yii2\db\ActiveQuery.php(133): yii\db\Query->all(NULL)
#7 D:\project\yiiCMS\backend\controllers\TestController.php(17): yii\db\ActiveQuery->all()
#8 D:\project\yiiCMS\vendor\yiisoft\yii2\base\Controller.php(155): backend\controllers\TestController->beforeAction(Object(yii\base\InlineAction))
#9 D:\project\yiiCMS\vendor\yiisoft\yii2\base\Module.php(528): yii\base\Controller->runAction('index', Array)
#10 D:\project\yiiCMS\vendor\yiisoft\yii2\web\Application.php(103): yii\base\Module->runAction('test/index', Array)
#11 D:\project\yiiCMS\vendor\yiisoft\yii2\base\Application.php(386): yii\web\Application->handleRequest(Object(yii\web\Request))
#12 D:\project\yiiCMS\backend\web\index.php(18): yii\base\Application->run()
#13 {main}
Additional Information:

2018-06-08 17:56:51 [127.0.0.1][-][-][info][application] $_GET = []

$_POST = []

$_FILES = []

$_COOKIE = []
2018-06-08 18:04:22 [127.0.0.1][-][-][error][yii\base\UnknownMethodException] yii\base\UnknownMethodException: Calling unknown method: app\models\AlphaTest::asArray() in D:\project\yiiCMS\vendor\yiisoft\yii2\base\Component.php:300
Stack trace:
#0 D:\project\yiiCMS\backend\service\core\CurdService.php(117): yii\base\Component->__call('asArray', Array)
#1 D:\project\yiiCMS\backend\controllers\core\BaseController.php(130): backend\service\core\CurdService::getDataList(Array, '*')
#2 [internal function]: backend\controllers\core\BaseController->actionIndex()
#3 D:\project\yiiCMS\vendor\yiisoft\yii2\base\InlineAction.php(57): call_user_func_array(Array, Array)
#4 D:\project\yiiCMS\vendor\yiisoft\yii2\base\Controller.php(157): yii\base\InlineAction->runWithParams(Array)
#5 D:\project\yiiCMS\vendor\yiisoft\yii2\base\Module.php(528): yii\base\Controller->runAction('index', Array)
#6 D:\project\yiiCMS\vendor\yiisoft\yii2\web\Application.php(103): yii\base\Module->runAction('test/index', Array)
#7 D:\project\yiiCMS\vendor\yiisoft\yii2\base\Application.php(386): yii\web\Application->handleRequest(Object(yii\web\Request))
#8 D:\project\yiiCMS\backend\web\index.php(18): yii\base\Application->run()
#9 {main}
2018-06-08 18:04:21 [127.0.0.1][-][-][info][application] $_GET = []

$_POST = []

$_FILES = []

$_COOKIE = [
    'UID' => '7c461bb68596036fd2ba9d4b3f9f750f32f21f72a561fb8e2e55c2fe3326e74aa:2:{i:0;s:3:\"UID\";i:1;s:5:\"9gDIW\";}'
]
2018-06-08 18:04:25 [127.0.0.1][-][-][error][yii\base\UnknownMethodException] yii\base\UnknownMethodException: Calling unknown method: app\models\AlphaTest::asArray() in D:\project\yiiCMS\vendor\yiisoft\yii2\base\Component.php:300
Stack trace:
#0 D:\project\yiiCMS\backend\service\core\CurdService.php(117): yii\base\Component->__call('asArray', Array)
#1 D:\project\yiiCMS\backend\controllers\core\BaseController.php(130): backend\service\core\CurdService::getDataList(Array, '*')
#2 [internal function]: backend\controllers\core\BaseController->actionIndex()
#3 D:\project\yiiCMS\vendor\yiisoft\yii2\base\InlineAction.php(57): call_user_func_array(Array, Array)
#4 D:\project\yiiCMS\vendor\yiisoft\yii2\base\Controller.php(157): yii\base\InlineAction->runWithParams(Array)
#5 D:\project\yiiCMS\vendor\yiisoft\yii2\base\Module.php(528): yii\base\Controller->runAction('index', Array)
#6 D:\project\yiiCMS\vendor\yiisoft\yii2\web\Application.php(103): yii\base\Module->runAction('test/index', Array)
#7 D:\project\yiiCMS\vendor\yiisoft\yii2\base\Application.php(386): yii\web\Application->handleRequest(Object(yii\web\Request))
#8 D:\project\yiiCMS\backend\web\index.php(18): yii\base\Application->run()
#9 {main}
2018-06-08 18:04:24 [127.0.0.1][-][-][info][application] $_GET = []

$_POST = []

$_FILES = []

$_COOKIE = [
    'UID' => '7835c926294f58fec659c3844c3359dd22775e2ef57232d93e3294e2c0fc88f1a:2:{i:0;s:3:\"UID\";i:1;s:5:\"oOUgV\";}'
]
2018-06-08 18:04:46 [127.0.0.1][-][-][error][yii\base\UnknownMethodException] yii\base\UnknownMethodException: Calling unknown method: app\models\AlphaTest::asArray() in D:\project\yiiCMS\vendor\yiisoft\yii2\base\Component.php:300
Stack trace:
#0 D:\project\yiiCMS\backend\service\core\CurdService.php(117): yii\base\Component->__call('asArray', Array)
#1 D:\project\yiiCMS\backend\controllers\core\BaseController.php(130): backend\service\core\CurdService::getDataList(Array, '*')
#2 [internal function]: backend\controllers\core\BaseController->actionIndex()
#3 D:\project\yiiCMS\vendor\yiisoft\yii2\base\InlineAction.php(57): call_user_func_array(Array, Array)
#4 D:\project\yiiCMS\vendor\yiisoft\yii2\base\Controller.php(157): yii\base\InlineAction->runWithParams(Array)
#5 D:\project\yiiCMS\vendor\yiisoft\yii2\base\Module.php(528): yii\base\Controller->runAction('index', Array)
#6 D:\project\yiiCMS\vendor\yiisoft\yii2\web\Application.php(103): yii\base\Module->runAction('test/index', Array)
#7 D:\project\yiiCMS\vendor\yiisoft\yii2\base\Application.php(386): yii\web\Application->handleRequest(Object(yii\web\Request))
#8 D:\project\yiiCMS\backend\web\index.php(18): yii\base\Application->run()
#9 {main}
2018-06-08 18:04:45 [127.0.0.1][-][-][info][application] $_GET = []

$_POST = []

$_FILES = []

$_COOKIE = [
    'UID' => '87bc705f4d2adcb3846703eb6da751be2c91c1283c287378c5a5a4ccce65c485a:2:{i:0;s:3:\"UID\";i:1;s:5:\"mtVaW\";}'
]
2018-06-08 18:08:56 [127.0.0.1][-][-][error][yii\base\UnknownMethodException] yii\base\UnknownMethodException: Calling unknown method: app\models\AlphaTest::count() in D:\project\yiiCMS\vendor\yiisoft\yii2\base\Component.php:300
Stack trace:
#0 D:\project\yiiCMS\backend\service\core\CurdService.php(143): yii\base\Component->__call('count', Array)
#1 D:\project\yiiCMS\backend\controllers\core\BaseController.php(130): backend\service\core\CurdService::getDataList(Array, '*')
#2 [internal function]: backend\controllers\core\BaseController->actionIndex()
#3 D:\project\yiiCMS\vendor\yiisoft\yii2\base\InlineAction.php(57): call_user_func_array(Array, Array)
#4 D:\project\yiiCMS\vendor\yiisoft\yii2\base\Controller.php(157): yii\base\InlineAction->runWithParams(Array)
#5 D:\project\yiiCMS\vendor\yiisoft\yii2\base\Module.php(528): yii\base\Controller->runAction('index', Array)
#6 D:\project\yiiCMS\vendor\yiisoft\yii2\web\Application.php(103): yii\base\Module->runAction('test/index', Array)
#7 D:\project\yiiCMS\vendor\yiisoft\yii2\base\Application.php(386): yii\web\Application->handleRequest(Object(yii\web\Request))
#8 D:\project\yiiCMS\backend\web\index.php(18): yii\base\Application->run()
#9 {main}
2018-06-08 18:08:55 [127.0.0.1][-][-][info][application] $_GET = []

$_POST = []

$_FILES = []

$_COOKIE = [
    'UID' => '85698f37c85477abe3203d49115cdb9b52c8bdcf978b8f13a4755a53d360b73fa:2:{i:0;s:3:\"UID\";i:1;s:5:\"DKavc\";}'
]
2018-06-08 18:09:30 [127.0.0.1][-][-][error][yii\base\UnknownMethodException] yii\base\UnknownMethodException: Calling unknown method: yii\db\ActiveQuery::coun() in D:\project\yiiCMS\vendor\yiisoft\yii2\base\Component.php:300
Stack trace:
#0 D:\project\yiiCMS\backend\service\core\CurdService.php(116): yii\base\Component->__call('coun', Array)
#1 D:\project\yiiCMS\backend\controllers\core\BaseController.php(130): backend\service\core\CurdService::getDataList(Array, '*')
#2 [internal function]: backend\controllers\core\BaseController->actionIndex()
#3 D:\project\yiiCMS\vendor\yiisoft\yii2\base\InlineAction.php(57): call_user_func_array(Array, Array)
#4 D:\project\yiiCMS\vendor\yiisoft\yii2\base\Controller.php(157): yii\base\InlineAction->runWithParams(Array)
#5 D:\project\yiiCMS\vendor\yiisoft\yii2\base\Module.php(528): yii\base\Controller->runAction('index', Array)
#6 D:\project\yiiCMS\vendor\yiisoft\yii2\web\Application.php(103): yii\base\Module->runAction('test/index', Array)
#7 D:\project\yiiCMS\vendor\yiisoft\yii2\base\Application.php(386): yii\web\Application->handleRequest(Object(yii\web\Request))
#8 D:\project\yiiCMS\backend\web\index.php(18): yii\base\Application->run()
#9 {main}
2018-06-08 18:09:29 [127.0.0.1][-][-][info][application] $_GET = []

$_POST = []

$_FILES = []

$_COOKIE = [
    'UID' => '7353ba7ba05160bdc0c731f3e9b4d11042e7173d33ac91bcd75f689a347ce44ca:2:{i:0;s:3:\"UID\";i:1;s:5:\"C2P8u\";}'
]
2018-06-08 18:09:31 [127.0.0.1][-][-][error][yii\base\UnknownMethodException] yii\base\UnknownMethodException: Calling unknown method: yii\db\ActiveQuery::coun() in D:\project\yiiCMS\vendor\yiisoft\yii2\base\Component.php:300
Stack trace:
#0 D:\project\yiiCMS\backend\service\core\CurdService.php(116): yii\base\Component->__call('coun', Array)
#1 D:\project\yiiCMS\backend\controllers\core\BaseController.php(130): backend\service\core\CurdService::getDataList(Array, '*')
#2 [internal function]: backend\controllers\core\BaseController->actionIndex()
#3 D:\project\yiiCMS\vendor\yiisoft\yii2\base\InlineAction.php(57): call_user_func_array(Array, Array)
#4 D:\project\yiiCMS\vendor\yiisoft\yii2\base\Controller.php(157): yii\base\InlineAction->runWithParams(Array)
#5 D:\project\yiiCMS\vendor\yiisoft\yii2\base\Module.php(528): yii\base\Controller->runAction('index', Array)
#6 D:\project\yiiCMS\vendor\yiisoft\yii2\web\Application.php(103): yii\base\Module->runAction('test/index', Array)
#7 D:\project\yiiCMS\vendor\yiisoft\yii2\base\Application.php(386): yii\web\Application->handleRequest(Object(yii\web\Request))
#8 D:\project\yiiCMS\backend\web\index.php(18): yii\base\Application->run()
#9 {main}
2018-06-08 18:09:30 [127.0.0.1][-][-][info][application] $_GET = []

$_POST = []

$_FILES = []

$_COOKIE = [
    'UID' => '85698f37c85477abe3203d49115cdb9b52c8bdcf978b8f13a4755a53d360b73fa:2:{i:0;s:3:\"UID\";i:1;s:5:\"DKavc\";}'
]
2018-06-08 18:13:54 [127.0.0.1][-][-][error][yii\db\Exception] yii\db\Exception: 没有实例化模型,无法使用表单插件 in D:\project\yiiCMS\backend\service\core\CurdService.php:56
Stack trace:
#0 D:\project\yiiCMS\common\helps\FormW.php(12): backend\service\core\CurdService::getModelNameForm()
#1 D:\project\yiiCMS\backend\views\core\menu\index.php(86): common\helps\FormW::Input('name')
#2 D:\project\yiiCMS\vendor\yiisoft\yii2\base\View.php(336): require('D:\\project\\yiiC...')
#3 D:\project\yiiCMS\vendor\yiisoft\yii2\base\View.php(254): yii\base\View->renderPhpFile('D:\\project\\yiiC...', Array)
#4 D:\project\yiiCMS\vendor\yiisoft\yii2\base\View.php(156): yii\base\View->renderFile('D:\\project\\yiiC...', Array, Object(backend\controllers\core\MenuController))
#5 D:\project\yiiCMS\vendor\yiisoft\yii2\base\Controller.php(384): yii\base\View->render('index', Array, Object(backend\controllers\core\MenuController))
#6 D:\project\yiiCMS\backend\controllers\core\MenuController.php(32): yii\base\Controller->render('index', Array)
#7 [internal function]: backend\controllers\core\MenuController->actionIndex()
#8 D:\project\yiiCMS\vendor\yiisoft\yii2\base\InlineAction.php(57): call_user_func_array(Array, Array)
#9 D:\project\yiiCMS\vendor\yiisoft\yii2\base\Controller.php(157): yii\base\InlineAction->runWithParams(Array)
#10 D:\project\yiiCMS\vendor\yiisoft\yii2\base\Module.php(528): yii\base\Controller->runAction('index', Array)
#11 D:\project\yiiCMS\vendor\yiisoft\yii2\web\Application.php(103): yii\base\Module->runAction('core/menu/index', Array)
#12 D:\project\yiiCMS\vendor\yiisoft\yii2\base\Application.php(386): yii\web\Application->handleRequest(Object(yii\web\Request))
#13 D:\project\yiiCMS\backend\web\index.php(18): yii\base\Application->run()
#14 {main}
Additional Information:
Array
(
)

2018-06-08 18:13:53 [127.0.0.1][-][-][info][application] $_GET = []

$_POST = []

$_FILES = []

$_COOKIE = [
    'UID' => 'e48120adc2c63642d66d2976013ab0c48e26051ae1cc5f6e40f3450a74011db0a:2:{i:0;s:3:\"UID\";i:1;s:5:\"LVfyv\";}'
]
2018-06-08 18:14:45 [127.0.0.1][-][-][error][yii\db\Exception] yii\db\Exception: 没有实例化模型,无法使用表单插件 in D:\project\yiiCMS\backend\service\core\CurdService.php:56
Stack trace:
#0 D:\project\yiiCMS\common\helps\FormW.php(12): backend\service\core\CurdService::getModelNameForm()
#1 D:\project\yiiCMS\backend\views\core\menu\index.php(86): common\helps\FormW::Input('name')
#2 D:\project\yiiCMS\vendor\yiisoft\yii2\base\View.php(336): require('D:\\project\\yiiC...')
#3 D:\project\yiiCMS\vendor\yiisoft\yii2\base\View.php(254): yii\base\View->renderPhpFile('D:\\project\\yiiC...', Array)
#4 D:\project\yiiCMS\vendor\yiisoft\yii2\base\View.php(156): yii\base\View->renderFile('D:\\project\\yiiC...', Array, Object(backend\controllers\core\MenuController))
#5 D:\project\yiiCMS\vendor\yiisoft\yii2\base\Controller.php(384): yii\base\View->render('index', Array, Object(backend\controllers\core\MenuController))
#6 D:\project\yiiCMS\backend\controllers\core\MenuController.php(32): yii\base\Controller->render('index', Array)
#7 [internal function]: backend\controllers\core\MenuController->actionIndex()
#8 D:\project\yiiCMS\vendor\yiisoft\yii2\base\InlineAction.php(57): call_user_func_array(Array, Array)
#9 D:\project\yiiCMS\vendor\yiisoft\yii2\base\Controller.php(157): yii\base\InlineAction->runWithParams(Array)
#10 D:\project\yiiCMS\vendor\yiisoft\yii2\base\Module.php(528): yii\base\Controller->runAction('index', Array)
#11 D:\project\yiiCMS\vendor\yiisoft\yii2\web\Application.php(103): yii\base\Module->runAction('core/menu/index', Array)
#12 D:\project\yiiCMS\vendor\yiisoft\yii2\base\Application.php(386): yii\web\Application->handleRequest(Object(yii\web\Request))
#13 D:\project\yiiCMS\backend\web\index.php(18): yii\base\Application->run()
#14 {main}
Additional Information:
Array
(
)

2018-06-08 18:14:43 [127.0.0.1][-][-][info][application] $_GET = []

$_POST = []

$_FILES = []

$_COOKIE = [
    'UID' => '6e8bd84d4c9274abf84c953cf78f8f0bf76c261c901f2af14bfa4481e299fa3fa:2:{i:0;s:3:\"UID\";i:1;s:5:\"tEFfe\";}'
]
2018-06-08 18:15:13 [127.0.0.1][-][-][warning][application] 菜单名称不能为空。[D:\project\yiiCMS\backend\service\core\MenuService.php:52]
    in D:\project\yiiCMS\common\service\BaseService.php:22
    in D:\project\yiiCMS\backend\service\core\MenuService.php:62
    in D:\project\yiiCMS\backend\controllers\core\MenuController.php:38
2018-06-08 18:15:12 [127.0.0.1][-][-][info][application] $_GET = []

$_POST = [
    'parentid' => '0'
    'AlphaMenu' => [
        'name' => ''
        'controller' => ''
        'method' => ''
        'icon' => ''
        'remark' => ''
        'type' => '0'
    ]
    'status' => '1'
]

$_FILES = []

$_COOKIE = [
    'UID' => 'dcc0ff86ae218d152bda78b8c6a5a5e46a85ed25c5d49aacd74409f33df0f734a:2:{i:0;s:3:\"UID\";i:1;s:5:\"F37tq\";}'
]
2018-06-08 18:16:07 [127.0.0.1][-][-][error][Error] Error: Call to a member function find() on string in D:\project\yiiCMS\backend\service\core\CurdService.php:117
Stack trace:
#0 D:\project\yiiCMS\backend\controllers\core\BaseController.php(130): backend\service\core\CurdService::getDataList(Array, '*')
#1 [internal function]: backend\controllers\core\BaseController->actionIndex()
#2 D:\project\yiiCMS\vendor\yiisoft\yii2\base\InlineAction.php(57): call_user_func_array(Array, Array)
#3 D:\project\yiiCMS\vendor\yiisoft\yii2\base\Controller.php(157): yii\base\InlineAction->runWithParams(Array)
#4 D:\project\yiiCMS\vendor\yiisoft\yii2\base\Module.php(528): yii\base\Controller->runAction('index', Array)
#5 D:\project\yiiCMS\vendor\yiisoft\yii2\web\Application.php(103): yii\base\Module->runAction('core/role/index', Array)
#6 D:\project\yiiCMS\vendor\yiisoft\yii2\base\Application.php(386): yii\web\Application->handleRequest(Object(yii\web\Request))
#7 D:\project\yiiCMS\backend\web\index.php(18): yii\base\Application->run()
#8 {main}
2018-06-08 18:16:06 [127.0.0.1][-][-][info][application] $_GET = []

$_POST = []

$_FILES = []

$_COOKIE = [
    'UID' => '985bac23fde2df5082377fb1332c6b4fe35e6f1f4ccc180fd3c02042ef8619a2a:2:{i:0;s:3:\"UID\";i:1;s:5:\"8eiUS\";}'
]
2018-06-08 18:16:09 [127.0.0.1][-][-][error][Error] Error: Call to a member function find() on string in D:\project\yiiCMS\backend\service\core\CurdService.php:117
Stack trace:
#0 D:\project\yiiCMS\backend\controllers\core\BaseController.php(130): backend\service\core\CurdService::getDataList(Array, '*')
#1 [internal function]: backend\controllers\core\BaseController->actionIndex()
#2 D:\project\yiiCMS\vendor\yiisoft\yii2\base\InlineAction.php(57): call_user_func_array(Array, Array)
#3 D:\project\yiiCMS\vendor\yiisoft\yii2\base\Controller.php(157): yii\base\InlineAction->runWithParams(Array)
#4 D:\project\yiiCMS\vendor\yiisoft\yii2\base\Module.php(528): yii\base\Controller->runAction('index', Array)
#5 D:\project\yiiCMS\vendor\yiisoft\yii2\web\Application.php(103): yii\base\Module->runAction('core/img/index', Array)
#6 D:\project\yiiCMS\vendor\yiisoft\yii2\base\Application.php(386): yii\web\Application->handleRequest(Object(yii\web\Request))
#7 D:\project\yiiCMS\backend\web\index.php(18): yii\base\Application->run()
#8 {main}
2018-06-08 18:16:08 [127.0.0.1][-][-][info][application] $_GET = []

$_POST = []

$_FILES = []

$_COOKIE = [
    'UID' => 'ad944664d4173e32deed087e0badf747866e4023805fafcd13edb08a71bd74b5a:2:{i:0;s:3:\"UID\";i:1;s:5:\"IPWch\";}'
]
2018-06-08 18:16:13 [127.0.0.1][-][-][error][Error] Error: Call to a member function find() on string in D:\project\yiiCMS\backend\service\core\CurdService.php:117
Stack trace:
#0 D:\project\yiiCMS\backend\controllers\core\BaseController.php(130): backend\service\core\CurdService::getDataList(Array, '*')
#1 [internal function]: backend\controllers\core\BaseController->actionIndex()
#2 D:\project\yiiCMS\vendor\yiisoft\yii2\base\InlineAction.php(57): call_user_func_array(Array, Array)
#3 D:\project\yiiCMS\vendor\yiisoft\yii2\base\Controller.php(157): yii\base\InlineAction->runWithParams(Array)
#4 D:\project\yiiCMS\vendor\yiisoft\yii2\base\Module.php(528): yii\base\Controller->runAction('index', Array)
#5 D:\project\yiiCMS\vendor\yiisoft\yii2\web\Application.php(103): yii\base\Module->runAction('core/img/index', Array)
#6 D:\project\yiiCMS\vendor\yiisoft\yii2\base\Application.php(386): yii\web\Application->handleRequest(Object(yii\web\Request))
#7 D:\project\yiiCMS\backend\web\index.php(18): yii\base\Application->run()
#8 {main}
2018-06-08 18:16:12 [127.0.0.1][-][-][info][application] $_GET = []

$_POST = []

$_FILES = []

$_COOKIE = [
    'UID' => '92c82202571374a0b6cd98b25fac9bad5cb587850b8c893b26d77b41c5eaf877a:2:{i:0;s:3:\"UID\";i:1;s:5:\"NbbCi\";}'
]
2018-06-11 15:26:48 [127.0.0.1][-][-][error][yii\web\HttpException:404] yii\base\InvalidRouteException: Unable to resolve the request "upload/admin/common/logo.png". in D:\project\yiiCMS\vendor\yiisoft\yii2\base\Module.php:537
Stack trace:
#0 D:\project\yiiCMS\vendor\yiisoft\yii2\web\Application.php(103): yii\base\Module->runAction('upload/admin/co...', Array)
#1 D:\project\yiiCMS\vendor\yiisoft\yii2\base\Application.php(386): yii\web\Application->handleRequest(Object(yii\web\Request))
#2 D:\project\yiiCMS\backend\web\index.php(18): yii\base\Application->run()
#3 {main}

Next yii\web\NotFoundHttpException: 页面未找到。 in D:\project\yiiCMS\vendor\yiisoft\yii2\web\Application.php:115
Stack trace:
#0 D:\project\yiiCMS\vendor\yiisoft\yii2\base\Application.php(386): yii\web\Application->handleRequest(Object(yii\web\Request))
#1 D:\project\yiiCMS\backend\web\index.php(18): yii\base\Application->run()
#2 {main}
2018-06-11 15:26:47 [127.0.0.1][-][-][info][application] $_GET = []

$_POST = []

$_FILES = []

$_COOKIE = [
    'UID' => '6e0f36fe912267f395666bcc264753565602a9a947782d456aced140c2122cb9a:2:{i:0;s:3:\"UID\";i:1;s:5:\"Um7Ks\";}'
]
2018-06-11 15:27:36 [127.0.0.1][-][-][error][ParseError] ParseError: syntax error, unexpected 'if' (T_IF) in D:\project\yiiCMS\backend\controllers\core\BaseController.php:36
Stack trace:
#0 [internal function]: yii\BaseYii::autoload('backend\\control...')
#1 D:\project\yiiCMS\backend\controllers\core\AdminController.php(22): spl_autoload_call('backend\\control...')
#2 D:\project\yiiCMS\vendor\yiisoft\yii2\BaseYii.php(293): include('D:\\project\\yiiC...')
#3 [internal function]: yii\BaseYii::autoload('backend\\control...')
#4 [internal function]: spl_autoload_call('backend\\control...')
#5 D:\project\yiiCMS\vendor\yiisoft\yii2\base\Module.php(637): class_exists('backend\\control...')
#6 D:\project\yiiCMS\vendor\yiisoft\yii2\base\Module.php(596): yii\base\Module->createControllerByID('core/admin')
#7 D:\project\yiiCMS\vendor\yiisoft\yii2\base\Module.php(522): yii\base\Module->createController('edit-page')
#8 D:\project\yiiCMS\vendor\yiisoft\yii2\web\Application.php(103): yii\base\Module->runAction('core/admin/edit...', Array)
#9 D:\project\yiiCMS\vendor\yiisoft\yii2\base\Application.php(386): yii\web\Application->handleRequest(Object(yii\web\Request))
#10 D:\project\yiiCMS\backend\web\index.php(18): yii\base\Application->run()
#11 {main}
2018-06-11 15:27:36 [127.0.0.1][-][-][info][application] $_GET = [
    'id' => '2'
]

$_POST = []

$_FILES = []

$_COOKIE = [
    'UID' => '6e8bd84d4c9274abf84c953cf78f8f0bf76c261c901f2af14bfa4481e299fa3fa:2:{i:0;s:3:\"UID\";i:1;s:5:\"tEFfe\";}'
]
2018-06-11 15:27:49 [127.0.0.1][-][-][error][ParseError] ParseError: syntax error, unexpected 'if' (T_IF) in D:\project\yiiCMS\backend\controllers\core\BaseController.php:36
Stack trace:
#0 [internal function]: yii\BaseYii::autoload('backend\\control...')
#1 D:\project\yiiCMS\backend\controllers\core\AdminController.php(22): spl_autoload_call('backend\\control...')
#2 D:\project\yiiCMS\vendor\yiisoft\yii2\BaseYii.php(293): include('D:\\project\\yiiC...')
#3 [internal function]: yii\BaseYii::autoload('backend\\control...')
#4 [internal function]: spl_autoload_call('backend\\control...')
#5 D:\project\yiiCMS\vendor\yiisoft\yii2\base\Module.php(637): class_exists('backend\\control...')
#6 D:\project\yiiCMS\vendor\yiisoft\yii2\base\Module.php(596): yii\base\Module->createControllerByID('core/admin')
#7 D:\project\yiiCMS\vendor\yiisoft\yii2\base\Module.php(522): yii\base\Module->createController('edit')
#8 D:\project\yiiCMS\vendor\yiisoft\yii2\web\Application.php(103): yii\base\Module->runAction('core/admin/edit', Array)
#9 D:\project\yiiCMS\vendor\yiisoft\yii2\base\Application.php(386): yii\web\Application->handleRequest(Object(yii\web\Request))
#10 D:\project\yiiCMS\backend\web\index.php(18): yii\base\Application->run()
#11 {main}
2018-06-11 15:27:49 [127.0.0.1][-][-][info][application] $_GET = []

$_POST = [
    'id' => '2'
    'AlphaUsers' => [
        'avatar' => 'http://qaqgame-1256160854.cos.ap-shanghai.myqcloud.com/avatar1524377044.png'
        'user_login' => 'test'
        'user_pass' => ''
    ]
    'confirm_pass' => ''
    'role_id' => '25'
    'status' => '1'
]

$_FILES = []

$_COOKIE = [
    'UID' => '7353ba7ba05160bdc0c731f3e9b4d11042e7173d33ac91bcd75f689a347ce44ca:2:{i:0;s:3:\"UID\";i:1;s:5:\"C2P8u\";}'
]
